Using pre-set license
Built from '2021.3/staging' branch; Version is '2021.3.10f1 (1c7d0df0160b) revision 1867021'; Using compiler version '192829333'; Build Type 'Release'
OS: 'Windows 11  (10.0.22621) 64bit Professional' Language: 'ru' Physical Memory: 32649 MB
BatchMode: 1, IsHumanControllingUs: 0, StartBugReporterOnCrash: 0, Is64bit: 1, IsPro: 1

COMMAND LINE ARGUMENTS:
C:\Program Files\Unity\Hub\Editor\2021.3.10f1\Editor\Unity.exe
-adb2
-batchMode
-noUpm
-name
AssetImportWorker0
-projectPath
C:/Users/kuzmi/Desktop/Розр. мультим. та ігр. сист/LineRPG
-logFile
Logs/AssetImportWorker0.log
-srvPort
52432
Successfully changed project path to: C:/Users/kuzmi/Desktop/Розр. мультим. та ігр. сист/LineRPG
C:/Users/kuzmi/Desktop/Розр. мультим. та ігр. сист/LineRPG
[UnityMemory] Configuration Parameters - Can be set up in boot.config
    "memorysetup-bucket-allocator-granularity=16"
    "memorysetup-bucket-allocator-bucket-count=8"
    "memorysetup-bucket-allocator-block-size=33554432"
    "memorysetup-bucket-allocator-block-count=8"
    "memorysetup-main-allocator-block-size=16777216"
    "memorysetup-thread-allocator-block-size=16777216"
    "memorysetup-gfx-main-allocator-block-size=16777216"
    "memorysetup-gfx-thread-allocator-block-size=16777216"
    "memorysetup-cache-allocator-block-size=4194304"
    "memorysetup-typetree-allocator-block-size=2097152"
    "memorysetup-profiler-bucket-allocator-granularity=16"
    "memorysetup-profiler-bucket-allocator-bucket-count=8"
    "memorysetup-profiler-bucket-allocator-block-size=33554432"
    "memorysetup-profiler-bucket-allocator-block-count=8"
    "memorysetup-profiler-allocator-block-size=16777216"
    "memorysetup-profiler-editor-allocator-block-size=1048576"
    "memorysetup-temp-allocator-size-main=16777216"
    "memorysetup-job-temp-allocator-block-size=2097152"
    "memorysetup-job-temp-allocator-block-size-background=1048576"
    "memorysetup-job-temp-allocator-reduction-small-platforms=262144"
    "memorysetup-temp-allocator-size-background-worker=32768"
    "memorysetup-temp-allocator-size-job-worker=262144"
    "memorysetup-temp-allocator-size-preload-manager=33554432"
    "memorysetup-temp-allocator-size-nav-mesh-worker=65536"
    "memorysetup-temp-allocator-size-audio-worker=65536"
    "memorysetup-temp-allocator-size-cloud-worker=32768"
    "memorysetup-temp-allocator-size-gi-baking-worker=262144"
    "memorysetup-temp-allocator-size-gfx=262144"
Refreshing native plugins compatible for Editor in 115.36 ms, found 4 plugins.
Preloading 0 native plugins for Editor in 0.00 ms.
Initialize engine version: 2021.3.10f1 (1c7d0df0160b)
[Subsystems] Discovering subsystems at path C:/Program Files/Unity/Hub/Editor/2021.3.10f1/Editor/Data/Resources/UnitySubsystems
[Subsystems] Discovering subsystems at path C:/Users/kuzmi/Desktop/Розр. мультим. та ігр. сист/LineRPG/Assets
GfxDevice: creating device client; threaded=0; jobified=0
Direct3D:
    Version:  Direct3D 11.0 [level 11.1]
    Renderer: NVIDIA GeForce RTX 3060 (ID=0x2503)
    Vendor:   NVIDIA
    VRAM:     12129 MB
    Driver:   31.0.15.2698
Initialize mono
Mono path[0] = 'C:/Program Files/Unity/Hub/Editor/2021.3.10f1/Editor/Data/Managed'
Mono path[1] = 'C:/Program Files/Unity/Hub/Editor/2021.3.10f1/Editor/Data/MonoBleedingEdge/lib/mono/unityjit-win32'
Mono config path = 'C:/Program Files/Unity/Hub/Editor/2021.3.10f1/Editor/Data/MonoBleedingEdge/etc'
Using monoOptions --debugger-agent=transport=dt_socket,embedding=1,server=y,suspend=n,address=127.0.0.1:56348
Begin MonoManager ReloadAssembly
Registering precompiled unity dll's ...
Register platform support module: C:/Program Files/Unity/Hub/Editor/2021.3.10f1/Editor/Data/PlaybackEngines/WindowsStandaloneSupport/UnityEditor.WindowsStandalone.Extensions.dll
Registered in 0.005424 seconds.
Native extension for WindowsStandalone target not found
Refreshing native plugins compatible for Editor in 125.41 ms, found 4 plugins.
Preloading 0 native plugins for Editor in 0.00 ms.
Mono: successfully reloaded assembly
- Completed reload, in  0.808 seconds
Domain Reload Profiling:
	ReloadAssembly (808ms)
		BeginReloadAssembly (121ms)
			ExecutionOrderSort (0ms)
			DisableScriptedObjects (0ms)
			BackupInstance (0ms)
			ReleaseScriptingObjects (0ms)
			CreateAndSetChildDomain (1ms)
		EndReloadAssembly (544ms)
			LoadAssemblies (118ms)
			RebuildTransferFunctionScriptingTraits (0ms)
			SetupTypeCache (144ms)
			ReleaseScriptCaches (0ms)
			RebuildScriptCaches (24ms)
			SetupLoadedEditorAssemblies (315ms)
				LogAssemblyErrors (0ms)
				InitializePlatformSupportModulesInManaged (7ms)
				SetLoadedEditorAssemblies (0ms)
				RefreshPlugins (126ms)
				BeforeProcessingInitializeOnLoad (1ms)
				ProcessInitializeOnLoadAttributes (142ms)
				ProcessInitializeOnLoadMethodAttributes (40ms)
				AfterProcessingInitializeOnLoad (0ms)
				EditorAssembliesLoaded (0ms)
			ExecutionOrderSort2 (0ms)
			AwakeInstancesAfterBackupRestoration (0ms)
Platform modules already initialized, skipping
Registering precompiled user dll's ...
Registered in 0.005234 seconds.
Begin MonoManager ReloadAssembly
Symbol file LoadedFromMemory doesn't match image C:\Users\kuzmi\Desktop\Розр. мультим. та ігр. сист\LineRPG\Library\PackageCache\com.unity.visualscripting@1.7.8\Editor\VisualScripting.Core\Dependencies\YamlDotNet\Unity.VisualScripting.YamlDotNet.dll
Symbol file LoadedFromMemory doesn't match image C:\Users\kuzmi\Desktop\Розр. мультим. та ігр. сист\LineRPG\Library\PackageCache\com.unity.visualscripting@1.7.8\Editor\VisualScripting.Core\Dependencies\DotNetZip\Unity.VisualScripting.IonicZip.dll
Native extension for WindowsStandalone target not found
Refreshing native plugins compatible for Editor in 134.94 ms, found 4 plugins.
Preloading 0 native plugins for Editor in 0.00 ms.
Mono: successfully reloaded assembly
- Completed reload, in  1.398 seconds
Domain Reload Profiling:
	ReloadAssembly (1399ms)
		BeginReloadAssembly (107ms)
			ExecutionOrderSort (0ms)
			DisableScriptedObjects (8ms)
			BackupInstance (0ms)
			ReleaseScriptingObjects (0ms)
			CreateAndSetChildDomain (18ms)
		EndReloadAssembly (1196ms)
			LoadAssemblies (104ms)
			RebuildTransferFunctionScriptingTraits (0ms)
			SetupTypeCache (341ms)
			ReleaseScriptCaches (1ms)
			RebuildScriptCaches (77ms)
			SetupLoadedEditorAssemblies (612ms)
				LogAssemblyErrors (0ms)
				InitializePlatformSupportModulesInManaged (4ms)
				SetLoadedEditorAssemblies (0ms)
				RefreshPlugins (135ms)
				BeforeProcessingInitializeOnLoad (120ms)
				ProcessInitializeOnLoadAttributes (255ms)
				ProcessInitializeOnLoadMethodAttributes (92ms)
				AfterProcessingInitializeOnLoad (5ms)
				EditorAssembliesLoaded (0ms)
			ExecutionOrderSort2 (0ms)
			AwakeInstancesAfterBackupRestoration (5ms)
Platform modules already initialized, skipping
========================================================================
Worker process is ready to serve import requests
Launched and connected shader compiler UnityShaderCompiler.exe after 0.05 seconds
Refreshing native plugins compatible for Editor in 1.63 ms, found 4 plugins.
Preloading 0 native plugins for Editor in 0.00 ms.
Unloading 5605 Unused Serialized files (Serialized files now loaded: 0)
Unloading 46 unused Assets / (0.8 MB). Loaded Objects now: 6073.
Memory consumption went from 233.2 MB to 232.4 MB.
Total: 4.172500 ms (FindLiveObjects: 0.546300 ms CreateObjectMapping: 0.185700 ms MarkObjects: 3.071600 ms  DeleteObjects: 0.367000 ms)

AssetImportParameters requested are different than current active one (requested -> active):
  custom:video-decoder-ogg-theora: a1e56fd34408186e4bbccfd4996cb3dc -> 
  custom:container-muxer-webm: aa71ff27fc2769a1b78a27578f13a17b -> 
  custom:container-demuxer-webm: 4f35f7cbe854078d1ac9338744f61a02 -> 
  custom:video-encoder-webm-vp8: eb34c28f22e8b96e1ab97ce403110664 -> 
  custom:audio-encoder-webm-vorbis: bf7c407c2cedff20999df2af8eb42d56 -> 
  custom:framework-win-MediaFoundation: 216162199b28c13a410421893ffa2e32 -> 
  custom:container-demuxer-ogg: 62fdf1f143b41e24485cea50d1cbac27 -> 
  custom:video-decoder-webm-vp8: 9c59270c3fd7afecdb556c50c9e8de78 -> 
  custom:audio-decoder-ogg-vorbis: bf7c407c2cedff20999df2af8eb42d56 -> 
========================================================================
Received Import Request.
  Time since last request: 237541.338650 seconds.
  path: Assets/Prefabs/Icons/armorEveryRoundPassiveIcon.prefab
  artifactKey: Guid(f45b0b122c1010f40be59169866ae694) Importer(815301076,1909f56bfc062723c751e8b465ee728b)
Start importing Assets/Prefabs/Icons/armorEveryRoundPassiveIcon.prefab using Guid(f45b0b122c1010f40be59169866ae694) Importer(815301076,1909f56bfc062723c751e8b465ee728b)  -> (artifact id: '141a87a386d467ac9a0d0274317d56fd') in 0.069979 seconds 
========================================================================
Received Import Request.
  Time since last request: 3.101540 seconds.
  path: Assets/Prefabs/Icons/armorEveryRoundPassiveIcon.prefab
  artifactKey: Guid(f45b0b122c1010f40be59169866ae694) Importer(815301076,1909f56bfc062723c751e8b465ee728b)
Start importing Assets/Prefabs/Icons/armorEveryRoundPassiveIcon.prefab using Guid(f45b0b122c1010f40be59169866ae694) Importer(815301076,1909f56bfc062723c751e8b465ee728b)  -> (artifact id: 'fb115be506bc893ca4de321338beefa5') in 0.011132 seconds 
========================================================================
Received Import Request.
  Time since last request: 9.946919 seconds.
  path: Assets/Prefabs/Icons/armorEveryRoundPassiveIcon.prefab
  artifactKey: Guid(f45b0b122c1010f40be59169866ae694) Importer(815301076,1909f56bfc062723c751e8b465ee728b)
Start importing Assets/Prefabs/Icons/armorEveryRoundPassiveIcon.prefab using Guid(f45b0b122c1010f40be59169866ae694) Importer(815301076,1909f56bfc062723c751e8b465ee728b)  -> (artifact id: 'c7aba299ebe252448afc9c4e8e212240') in 0.010528 seconds 
========================================================================
Received Import Request.
  Time since last request: 38.940405 seconds.
  path: Assets/Prefabs/Icons/backstabIcon.prefab
  artifactKey: Guid(2103877fdda48b34cb066ed67cc21152) Importer(815301076,1909f56bfc062723c751e8b465ee728b)
Start importing Assets/Prefabs/Icons/backstabIcon.prefab using Guid(2103877fdda48b34cb066ed67cc21152) Importer(815301076,1909f56bfc062723c751e8b465ee728b)  -> (artifact id: '13982d37ff5fd663c18dae7e5ceb74cc') in 0.014594 seconds 
========================================================================
Received Import Request.
  Time since last request: 20.007359 seconds.
  path: Assets/Prefabs/Icons/bloodSuckingIcon.prefab
  artifactKey: Guid(c0814fe3227648e4792ec987e8f1b4f4) Importer(815301076,1909f56bfc062723c751e8b465ee728b)
Start importing Assets/Prefabs/Icons/bloodSuckingIcon.prefab using Guid(c0814fe3227648e4792ec987e8f1b4f4) Importer(815301076,1909f56bfc062723c751e8b465ee728b)  -> (artifact id: 'bcbb653ee2eb855bcc103cf0dd7e1aed') in 0.013964 seconds 
========================================================================
Received Import Request.
  Time since last request: 8.640085 seconds.
  path: Assets/Prefabs/Icons/disarmIcon.prefab
  artifactKey: Guid(dc4eb609c5b4f9e4681f9fa55fa27615) Importer(815301076,1909f56bfc062723c751e8b465ee728b)
Start importing Assets/Prefabs/Icons/disarmIcon.prefab using Guid(dc4eb609c5b4f9e4681f9fa55fa27615) Importer(815301076,1909f56bfc062723c751e8b465ee728b)  -> (artifact id: 'd8a36cf133646cb9fa8fc6be2e7281ae') in 0.014948 seconds 
========================================================================
Received Import Request.
  Time since last request: 13.622941 seconds.
  path: Assets/Prefabs/Icons/plussManaPassiveIcon.prefab
  artifactKey: Guid(841134afebe51b4479f4c5d9a5dee5f3) Importer(815301076,1909f56bfc062723c751e8b465ee728b)
Start importing Assets/Prefabs/Icons/plussManaPassiveIcon.prefab using Guid(841134afebe51b4479f4c5d9a5dee5f3) Importer(815301076,1909f56bfc062723c751e8b465ee728b)  -> (artifact id: 'b8fb0b8e58a4776d94343e727ea644e4') in 0.013555 seconds 
========================================================================
Received Import Request.
  Time since last request: 13.297537 seconds.
  path: Assets/Prefabs/Icons/regularBlockIcon.prefab
  artifactKey: Guid(9db3d5454b9b4cb48870b7771c7204c2) Importer(815301076,1909f56bfc062723c751e8b465ee728b)
Start importing Assets/Prefabs/Icons/regularBlockIcon.prefab using Guid(9db3d5454b9b4cb48870b7771c7204c2) Importer(815301076,1909f56bfc062723c751e8b465ee728b)  -> (artifact id: '021703555bf67ef0b17c6bc469f18e9c') in 0.013525 seconds 
========================================================================
Received Import Request.
  Time since last request: 6.882129 seconds.
  path: Assets/Prefabs/Icons/regularBlockIcon.prefab
  artifactKey: Guid(9db3d5454b9b4cb48870b7771c7204c2) Importer(815301076,1909f56bfc062723c751e8b465ee728b)
Start importing Assets/Prefabs/Icons/regularBlockIcon.prefab using Guid(9db3d5454b9b4cb48870b7771c7204c2) Importer(815301076,1909f56bfc062723c751e8b465ee728b)  -> (artifact id: 'c9b7b0161f4103f3ec703c7316e1fbce') in 0.010663 seconds 
========================================================================
Received Import Request.
  Time since last request: 8.827465 seconds.
  path: Assets/Prefabs/Icons/regularBlockIcon.prefab
  artifactKey: Guid(9db3d5454b9b4cb48870b7771c7204c2) Importer(815301076,1909f56bfc062723c751e8b465ee728b)
Start importing Assets/Prefabs/Icons/regularBlockIcon.prefab using Guid(9db3d5454b9b4cb48870b7771c7204c2) Importer(815301076,1909f56bfc062723c751e8b465ee728b)  -> (artifact id: '6f5083bbe42cf50557ceeeae10ba72ad') in 0.011395 seconds 
========================================================================
Received Import Request.
  Time since last request: 3.136117 seconds.
  path: Assets/Prefabs/Icons/regularPunchIcon.prefab
  artifactKey: Guid(48ad40d06d84c17488cd407e15bc6b6d) Importer(815301076,1909f56bfc062723c751e8b465ee728b)
Start importing Assets/Prefabs/Icons/regularPunchIcon.prefab using Guid(48ad40d06d84c17488cd407e15bc6b6d) Importer(815301076,1909f56bfc062723c751e8b465ee728b)  -> (artifact id: '460dfa153a54187fbcbc030bc917b38e') in 0.012956 seconds 
========================================================================
Received Import Request.
  Time since last request: 6.108152 seconds.
  path: Assets/Prefabs/Icons/regularPunchIcon.prefab
  artifactKey: Guid(48ad40d06d84c17488cd407e15bc6b6d) Importer(815301076,1909f56bfc062723c751e8b465ee728b)
Start importing Assets/Prefabs/Icons/regularPunchIcon.prefab using Guid(48ad40d06d84c17488cd407e15bc6b6d) Importer(815301076,1909f56bfc062723c751e8b465ee728b)  -> (artifact id: '7d13bd3f8ef2c109e1febe0564b5e538') in 0.011676 seconds 
========================================================================
Received Import Request.
  Time since last request: 27.144271 seconds.
  path: Assets/Prefabs/Icons/sharpenedWeaponPassiveIcon.prefab
  artifactKey: Guid(7d949d8c62cd14f4b833f6c8b98e3282) Importer(815301076,1909f56bfc062723c751e8b465ee728b)
Start importing Assets/Prefabs/Icons/sharpenedWeaponPassiveIcon.prefab using Guid(7d949d8c62cd14f4b833f6c8b98e3282) Importer(815301076,1909f56bfc062723c751e8b465ee728b)  -> (artifact id: '2e12470b473d03f87348f3d925a19fe6') in 0.012942 seconds 
========================================================================
Received Import Request.
  Time since last request: 11.264344 seconds.
  path: Assets/Prefabs/Icons/slahIcon.prefab
  artifactKey: Guid(3985e1837110e9840936a6f09ebf8f73) Importer(815301076,1909f56bfc062723c751e8b465ee728b)
Start importing Assets/Prefabs/Icons/slahIcon.prefab using Guid(3985e1837110e9840936a6f09ebf8f73) Importer(815301076,1909f56bfc062723c751e8b465ee728b)  -> (artifact id: '0000aa77eb9bf4f9be4910b28ec06d24') in 0.012848 seconds 
========================================================================
Received Prepare
Registering precompiled user dll's ...
Registered in 0.004710 seconds.
Begin MonoManager ReloadAssembly
Symbol file LoadedFromMemory doesn't match image C:\Users\kuzmi\Desktop\Розр. мультим. та ігр. сист\LineRPG\Library\PackageCache\com.unity.visualscripting@1.7.8\Editor\VisualScripting.Core\Dependencies\YamlDotNet\Unity.VisualScripting.YamlDotNet.dll
Symbol file LoadedFromMemory doesn't match image C:\Users\kuzmi\Desktop\Розр. мультим. та ігр. сист\LineRPG\Library\PackageCache\com.unity.visualscripting@1.7.8\Editor\VisualScripting.Core\Dependencies\DotNetZip\Unity.VisualScripting.IonicZip.dll
Native extension for WindowsStandalone target not found
Refreshing native plugins compatible for Editor in 1.23 ms, found 4 plugins.
Preloading 0 native plugins for Editor in 0.00 ms.
Mono: successfully reloaded assembly
- Completed reload, in  0.972 seconds
Domain Reload Profiling:
	ReloadAssembly (973ms)
		BeginReloadAssembly (113ms)
			ExecutionOrderSort (0ms)
			DisableScriptedObjects (5ms)
			BackupInstance (0ms)
			ReleaseScriptingObjects (0ms)
			CreateAndSetChildDomain (34ms)
		EndReloadAssembly (780ms)
			LoadAssemblies (82ms)
			RebuildTransferFunctionScriptingTraits (0ms)
			SetupTypeCache (237ms)
			ReleaseScriptCaches (2ms)
			RebuildScriptCaches (43ms)
			SetupLoadedEditorAssemblies (372ms)
				LogAssemblyErrors (0ms)
				InitializePlatformSupportModulesInManaged (9ms)
				SetLoadedEditorAssemblies (0ms)
				RefreshPlugins (1ms)
				BeforeProcessingInitializeOnLoad (82ms)
				ProcessInitializeOnLoadAttributes (201ms)
				ProcessInitializeOnLoadMethodAttributes (74ms)
				AfterProcessingInitializeOnLoad (4ms)
				EditorAssembliesLoaded (0ms)
			ExecutionOrderSort2 (0ms)
			AwakeInstancesAfterBackupRestoration (7ms)
Platform modules already initialized, skipping
Refreshing native plugins compatible for Editor in 2.68 ms, found 4 plugins.
Preloading 0 native plugins for Editor in 0.00 ms.
Unloading 5463 Unused Serialized files (Serialized files now loaded: 0)
Unloading 34 unused Assets / (0.8 MB). Loaded Objects now: 6077.
Memory consumption went from 223.2 MB to 222.5 MB.
Total: 4.175800 ms (FindLiveObjects: 0.488100 ms CreateObjectMapping: 0.161900 ms MarkObjects: 3.106200 ms  DeleteObjects: 0.418200 ms)

AssetImportParameters requested are different than current active one (requested -> active):
  custom:video-decoder-ogg-theora: a1e56fd34408186e4bbccfd4996cb3dc -> 
  custom:container-muxer-webm: aa71ff27fc2769a1b78a27578f13a17b -> 
  custom:container-demuxer-webm: 4f35f7cbe854078d1ac9338744f61a02 -> 
  custom:video-encoder-webm-vp8: eb34c28f22e8b96e1ab97ce403110664 -> 
  custom:audio-encoder-webm-vorbis: bf7c407c2cedff20999df2af8eb42d56 -> 
  custom:framework-win-MediaFoundation: 216162199b28c13a410421893ffa2e32 -> 
  custom:container-demuxer-ogg: 62fdf1f143b41e24485cea50d1cbac27 -> 
  custom:video-decoder-webm-vp8: 9c59270c3fd7afecdb556c50c9e8de78 -> 
  custom:audio-decoder-ogg-vorbis: bf7c407c2cedff20999df2af8eb42d56 -> 
========================================================================
Received Prepare
Registering precompiled user dll's ...
Registered in 0.005170 seconds.
Begin MonoManager ReloadAssembly
Symbol file LoadedFromMemory doesn't match image C:\Users\kuzmi\Desktop\Розр. мультим. та ігр. сист\LineRPG\Library\PackageCache\com.unity.visualscripting@1.7.8\Editor\VisualScripting.Core\Dependencies\YamlDotNet\Unity.VisualScripting.YamlDotNet.dll
Symbol file LoadedFromMemory doesn't match image C:\Users\kuzmi\Desktop\Розр. мультим. та ігр. сист\LineRPG\Library\PackageCache\com.unity.visualscripting@1.7.8\Editor\VisualScripting.Core\Dependencies\DotNetZip\Unity.VisualScripting.IonicZip.dll
Native extension for WindowsStandalone target not found
Refreshing native plugins compatible for Editor in 1.22 ms, found 4 plugins.
Preloading 0 native plugins for Editor in 0.00 ms.
Mono: successfully reloaded assembly
- Completed reload, in  0.949 seconds
Domain Reload Profiling:
	ReloadAssembly (950ms)
		BeginReloadAssembly (115ms)
			ExecutionOrderSort (0ms)
			DisableScriptedObjects (6ms)
			BackupInstance (0ms)
			ReleaseScriptingObjects (0ms)
			CreateAndSetChildDomain (33ms)
		EndReloadAssembly (755ms)
			LoadAssemblies (81ms)
			RebuildTransferFunctionScriptingTraits (0ms)
			SetupTypeCache (218ms)
			ReleaseScriptCaches (2ms)
			RebuildScriptCaches (42ms)
			SetupLoadedEditorAssemblies (369ms)
				LogAssemblyErrors (0ms)
				InitializePlatformSupportModulesInManaged (9ms)
				SetLoadedEditorAssemblies (0ms)
				RefreshPlugins (1ms)
				BeforeProcessingInitializeOnLoad (80ms)
				ProcessInitializeOnLoadAttributes (192ms)
				ProcessInitializeOnLoadMethodAttributes (81ms)
				AfterProcessingInitializeOnLoad (5ms)
				EditorAssembliesLoaded (0ms)
			ExecutionOrderSort2 (0ms)
			AwakeInstancesAfterBackupRestoration (7ms)
Platform modules already initialized, skipping
Refreshing native plugins compatible for Editor in 24.64 ms, found 4 plugins.
Preloading 0 native plugins for Editor in 0.00 ms.
Unloading 5463 Unused Serialized files (Serialized files now loaded: 0)
Unloading 34 unused Assets / (0.8 MB). Loaded Objects now: 6080.
Memory consumption went from 223.2 MB to 222.5 MB.
Total: 6.590700 ms (FindLiveObjects: 0.981100 ms CreateObjectMapping: 0.417700 ms MarkObjects: 4.628500 ms  DeleteObjects: 0.561600 ms)

AssetImportParameters requested are different than current active one (requested -> active):
  custom:video-decoder-ogg-theora: a1e56fd34408186e4bbccfd4996cb3dc -> 
  custom:container-muxer-webm: aa71ff27fc2769a1b78a27578f13a17b -> 
  custom:container-demuxer-webm: 4f35f7cbe854078d1ac9338744f61a02 -> 
  custom:video-encoder-webm-vp8: eb34c28f22e8b96e1ab97ce403110664 -> 
  custom:audio-encoder-webm-vorbis: bf7c407c2cedff20999df2af8eb42d56 -> 
  custom:framework-win-MediaFoundation: 216162199b28c13a410421893ffa2e32 -> 
  custom:container-demuxer-ogg: 62fdf1f143b41e24485cea50d1cbac27 -> 
  custom:video-decoder-webm-vp8: 9c59270c3fd7afecdb556c50c9e8de78 -> 
  custom:audio-decoder-ogg-vorbis: bf7c407c2cedff20999df2af8eb42d56 -> 
========================================================================
Received Prepare
Registering precompiled user dll's ...
Registered in 0.007559 seconds.
Begin MonoManager ReloadAssembly
Symbol file LoadedFromMemory doesn't match image C:\Users\kuzmi\Desktop\Розр. мультим. та ігр. сист\LineRPG\Library\PackageCache\com.unity.visualscripting@1.7.8\Editor\VisualScripting.Core\Dependencies\YamlDotNet\Unity.VisualScripting.YamlDotNet.dll
Symbol file LoadedFromMemory doesn't match image C:\Users\kuzmi\Desktop\Розр. мультим. та ігр. сист\LineRPG\Library\PackageCache\com.unity.visualscripting@1.7.8\Editor\VisualScripting.Core\Dependencies\DotNetZip\Unity.VisualScripting.IonicZip.dll
Native extension for WindowsStandalone target not found
Refreshing native plugins compatible for Editor in 1.20 ms, found 4 plugins.
Preloading 0 native plugins for Editor in 0.00 ms.
Mono: successfully reloaded assembly
- Completed reload, in  0.982 seconds
Domain Reload Profiling:
	ReloadAssembly (982ms)
		BeginReloadAssembly (125ms)
			ExecutionOrderSort (0ms)
			DisableScriptedObjects (7ms)
			BackupInstance (0ms)
			ReleaseScriptingObjects (0ms)
			CreateAndSetChildDomain (42ms)
		EndReloadAssembly (773ms)
			LoadAssemblies (80ms)
			RebuildTransferFunctionScriptingTraits (0ms)
			SetupTypeCache (221ms)
			ReleaseScriptCaches (2ms)
			RebuildScriptCaches (46ms)
			SetupLoadedEditorAssemblies (376ms)
				LogAssemblyErrors (0ms)
				InitializePlatformSupportModulesInManaged (9ms)
				SetLoadedEditorAssemblies (0ms)
				RefreshPlugins (1ms)
				BeforeProcessingInitializeOnLoad (83ms)
				ProcessInitializeOnLoadAttributes (203ms)
				ProcessInitializeOnLoadMethodAttributes (75ms)
				AfterProcessingInitializeOnLoad (4ms)
				EditorAssembliesLoaded (0ms)
			ExecutionOrderSort2 (0ms)
			AwakeInstancesAfterBackupRestoration (10ms)
Platform modules already initialized, skipping
Refreshing native plugins compatible for Editor in 2.99 ms, found 4 plugins.
Preloading 0 native plugins for Editor in 0.00 ms.
Unloading 5463 Unused Serialized files (Serialized files now loaded: 0)
Unloading 34 unused Assets / (0.8 MB). Loaded Objects now: 6083.
Memory consumption went from 223.3 MB to 222.5 MB.
Total: 3.927800 ms (FindLiveObjects: 0.457300 ms CreateObjectMapping: 0.139900 ms MarkObjects: 2.925400 ms  DeleteObjects: 0.403300 ms)

AssetImportParameters requested are different than current active one (requested -> active):
  custom:video-decoder-ogg-theora: a1e56fd34408186e4bbccfd4996cb3dc -> 
  custom:container-muxer-webm: aa71ff27fc2769a1b78a27578f13a17b -> 
  custom:container-demuxer-webm: 4f35f7cbe854078d1ac9338744f61a02 -> 
  custom:video-encoder-webm-vp8: eb34c28f22e8b96e1ab97ce403110664 -> 
  custom:audio-encoder-webm-vorbis: bf7c407c2cedff20999df2af8eb42d56 -> 
  custom:framework-win-MediaFoundation: 216162199b28c13a410421893ffa2e32 -> 
  custom:container-demuxer-ogg: 62fdf1f143b41e24485cea50d1cbac27 -> 
  custom:video-decoder-webm-vp8: 9c59270c3fd7afecdb556c50c9e8de78 -> 
  custom:audio-decoder-ogg-vorbis: bf7c407c2cedff20999df2af8eb42d56 -> 
========================================================================
Received Prepare
Registering precompiled user dll's ...
Registered in 0.005856 seconds.
Begin MonoManager ReloadAssembly
Symbol file LoadedFromMemory doesn't match image C:\Users\kuzmi\Desktop\Розр. мультим. та ігр. сист\LineRPG\Library\PackageCache\com.unity.visualscripting@1.7.8\Editor\VisualScripting.Core\Dependencies\YamlDotNet\Unity.VisualScripting.YamlDotNet.dll
Symbol file LoadedFromMemory doesn't match image C:\Users\kuzmi\Desktop\Розр. мультим. та ігр. сист\LineRPG\Library\PackageCache\com.unity.visualscripting@1.7.8\Editor\VisualScripting.Core\Dependencies\DotNetZip\Unity.VisualScripting.IonicZip.dll
Native extension for WindowsStandalone target not found
Refreshing native plugins compatible for Editor in 1.33 ms, found 4 plugins.
Preloading 0 native plugins for Editor in 0.00 ms.
Mono: successfully reloaded assembly
- Completed reload, in  1.004 seconds
Domain Reload Profiling:
	ReloadAssembly (1005ms)
		BeginReloadAssembly (123ms)
			ExecutionOrderSort (0ms)
			DisableScriptedObjects (6ms)
			BackupInstance (0ms)
			ReleaseScriptingObjects (0ms)
			CreateAndSetChildDomain (36ms)
		EndReloadAssembly (798ms)
			LoadAssemblies (82ms)
			RebuildTransferFunctionScriptingTraits (0ms)
			SetupTypeCache (233ms)
			ReleaseScriptCaches (2ms)
			RebuildScriptCaches (52ms)
			SetupLoadedEditorAssemblies (384ms)
				LogAssemblyErrors (0ms)
				InitializePlatformSupportModulesInManaged (10ms)
				SetLoadedEditorAssemblies (0ms)
				RefreshPlugins (1ms)
				BeforeProcessingInitializeOnLoad (88ms)
				ProcessInitializeOnLoadAttributes (202ms)
				ProcessInitializeOnLoadMethodAttributes (78ms)
				AfterProcessingInitializeOnLoad (4ms)
				EditorAssembliesLoaded (0ms)
			ExecutionOrderSort2 (0ms)
			AwakeInstancesAfterBackupRestoration (8ms)
Platform modules already initialized, skipping
Refreshing native plugins compatible for Editor in 2.94 ms, found 4 plugins.
Preloading 0 native plugins for Editor in 0.00 ms.
Unloading 5463 Unused Serialized files (Serialized files now loaded: 0)
Unloading 34 unused Assets / (0.8 MB). Loaded Objects now: 6086.
Memory consumption went from 223.3 MB to 222.5 MB.
Total: 4.254600 ms (FindLiveObjects: 0.589700 ms CreateObjectMapping: 0.175500 ms MarkObjects: 3.065900 ms  DeleteObjects: 0.421900 ms)

AssetImportParameters requested are different than current active one (requested -> active):
  custom:video-decoder-ogg-theora: a1e56fd34408186e4bbccfd4996cb3dc -> 
  custom:container-muxer-webm: aa71ff27fc2769a1b78a27578f13a17b -> 
  custom:container-demuxer-webm: 4f35f7cbe854078d1ac9338744f61a02 -> 
  custom:video-encoder-webm-vp8: eb34c28f22e8b96e1ab97ce403110664 -> 
  custom:audio-encoder-webm-vorbis: bf7c407c2cedff20999df2af8eb42d56 -> 
  custom:framework-win-MediaFoundation: 216162199b28c13a410421893ffa2e32 -> 
  custom:container-demuxer-ogg: 62fdf1f143b41e24485cea50d1cbac27 -> 
  custom:video-decoder-webm-vp8: 9c59270c3fd7afecdb556c50c9e8de78 -> 
  custom:audio-decoder-ogg-vorbis: bf7c407c2cedff20999df2af8eb42d56 -> 
========================================================================
Received Prepare
Registering precompiled user dll's ...
Registered in 0.004815 seconds.
Begin MonoManager ReloadAssembly
Symbol file LoadedFromMemory doesn't match image C:\Users\kuzmi\Desktop\Розр. мультим. та ігр. сист\LineRPG\Library\PackageCache\com.unity.visualscripting@1.7.8\Editor\VisualScripting.Core\Dependencies\YamlDotNet\Unity.VisualScripting.YamlDotNet.dll
Symbol file LoadedFromMemory doesn't match image C:\Users\kuzmi\Desktop\Розр. мультим. та ігр. сист\LineRPG\Library\PackageCache\com.unity.visualscripting@1.7.8\Editor\VisualScripting.Core\Dependencies\DotNetZip\Unity.VisualScripting.IonicZip.dll
Native extension for WindowsStandalone target not found
Refreshing native plugins compatible for Editor in 1.32 ms, found 4 plugins.
Preloading 0 native plugins for Editor in 0.00 ms.
Mono: successfully reloaded assembly
- Completed reload, in  1.057 seconds
Domain Reload Profiling:
	ReloadAssembly (1058ms)
		BeginReloadAssembly (124ms)
			ExecutionOrderSort (0ms)
			DisableScriptedObjects (6ms)
			BackupInstance (0ms)
			ReleaseScriptingObjects (0ms)
			CreateAndSetChildDomain (37ms)
		EndReloadAssembly (852ms)
			LoadAssemblies (86ms)
			RebuildTransferFunctionScriptingTraits (0ms)
			SetupTypeCache (253ms)
			ReleaseScriptCaches (2ms)
			RebuildScriptCaches (51ms)
			SetupLoadedEditorAssemblies (414ms)
				LogAssemblyErrors (0ms)
				InitializePlatformSupportModulesInManaged (11ms)
				SetLoadedEditorAssemblies (0ms)
				RefreshPlugins (1ms)
				BeforeProcessingInitializeOnLoad (91ms)
				ProcessInitializeOnLoadAttributes (223ms)
				ProcessInitializeOnLoadMethodAttributes (82ms)
				AfterProcessingInitializeOnLoad (6ms)
				EditorAssembliesLoaded (0ms)
			ExecutionOrderSort2 (0ms)
			AwakeInstancesAfterBackupRestoration (9ms)
Platform modules already initialized, skipping
Refreshing native plugins compatible for Editor in 3.04 ms, found 4 plugins.
Preloading 0 native plugins for Editor in 0.00 ms.
Unloading 5463 Unused Serialized files (Serialized files now loaded: 0)
Unloading 34 unused Assets / (0.8 MB). Loaded Objects now: 6089.
Memory consumption went from 223.3 MB to 222.5 MB.
Total: 4.676800 ms (FindLiveObjects: 0.525300 ms CreateObjectMapping: 0.198400 ms MarkObjects: 3.458400 ms  DeleteObjects: 0.493100 ms)

AssetImportParameters requested are different than current active one (requested -> active):
  custom:video-decoder-ogg-theora: a1e56fd34408186e4bbccfd4996cb3dc -> 
  custom:container-muxer-webm: aa71ff27fc2769a1b78a27578f13a17b -> 
  custom:container-demuxer-webm: 4f35f7cbe854078d1ac9338744f61a02 -> 
  custom:video-encoder-webm-vp8: eb34c28f22e8b96e1ab97ce403110664 -> 
  custom:audio-encoder-webm-vorbis: bf7c407c2cedff20999df2af8eb42d56 -> 
  custom:framework-win-MediaFoundation: 216162199b28c13a410421893ffa2e32 -> 
  custom:container-demuxer-ogg: 62fdf1f143b41e24485cea50d1cbac27 -> 
  custom:video-decoder-webm-vp8: 9c59270c3fd7afecdb556c50c9e8de78 -> 
  custom:audio-decoder-ogg-vorbis: bf7c407c2cedff20999df2af8eb42d56 -> 
========================================================================
Received Prepare
Registering precompiled user dll's ...
Registered in 0.005544 seconds.
Begin MonoManager ReloadAssembly
Symbol file LoadedFromMemory doesn't match image C:\Users\kuzmi\Desktop\Розр. мультим. та ігр. сист\LineRPG\Library\PackageCache\com.unity.visualscripting@1.7.8\Editor\VisualScripting.Core\Dependencies\YamlDotNet\Unity.VisualScripting.YamlDotNet.dll
Symbol file LoadedFromMemory doesn't match image C:\Users\kuzmi\Desktop\Розр. мультим. та ігр. сист\LineRPG\Library\PackageCache\com.unity.visualscripting@1.7.8\Editor\VisualScripting.Core\Dependencies\DotNetZip\Unity.VisualScripting.IonicZip.dll
Native extension for WindowsStandalone target not found
Refreshing native plugins compatible for Editor in 1.27 ms, found 4 plugins.
Preloading 0 native plugins for Editor in 0.00 ms.
Mono: successfully reloaded assembly
- Completed reload, in  1.059 seconds
Domain Reload Profiling:
	ReloadAssembly (1060ms)
		BeginReloadAssembly (122ms)
			ExecutionOrderSort (0ms)
			DisableScriptedObjects (6ms)
			BackupInstance (0ms)
			ReleaseScriptingObjects (0ms)
			CreateAndSetChildDomain (42ms)
		EndReloadAssembly (848ms)
			LoadAssemblies (78ms)
			RebuildTransferFunctionScriptingTraits (0ms)
			SetupTypeCache (248ms)
			ReleaseScriptCaches (2ms)
			RebuildScriptCaches (52ms)
			SetupLoadedEditorAssemblies (414ms)
				LogAssemblyErrors (0ms)
				InitializePlatformSupportModulesInManaged (12ms)
				SetLoadedEditorAssemblies (0ms)
				RefreshPlugins (1ms)
				BeforeProcessingInitializeOnLoad (90ms)
				ProcessInitializeOnLoadAttributes (224ms)
				ProcessInitializeOnLoadMethodAttributes (83ms)
				AfterProcessingInitializeOnLoad (5ms)
				EditorAssembliesLoaded (0ms)
			ExecutionOrderSort2 (0ms)
			AwakeInstancesAfterBackupRestoration (9ms)
Platform modules already initialized, skipping
Refreshing native plugins compatible for Editor in 2.79 ms, found 4 plugins.
Preloading 0 native plugins for Editor in 0.00 ms.
Unloading 5463 Unused Serialized files (Serialized files now loaded: 0)
Unloading 34 unused Assets / (0.8 MB). Loaded Objects now: 6092.
Memory consumption went from 223.3 MB to 222.5 MB.
Total: 4.497100 ms (FindLiveObjects: 0.544700 ms CreateObjectMapping: 0.223600 ms MarkObjects: 3.241500 ms  DeleteObjects: 0.486000 ms)

AssetImportParameters requested are different than current active one (requested -> active):
  custom:video-decoder-ogg-theora: a1e56fd34408186e4bbccfd4996cb3dc -> 
  custom:container-muxer-webm: aa71ff27fc2769a1b78a27578f13a17b -> 
  custom:container-demuxer-webm: 4f35f7cbe854078d1ac9338744f61a02 -> 
  custom:video-encoder-webm-vp8: eb34c28f22e8b96e1ab97ce403110664 -> 
  custom:audio-encoder-webm-vorbis: bf7c407c2cedff20999df2af8eb42d56 -> 
  custom:framework-win-MediaFoundation: 216162199b28c13a410421893ffa2e32 -> 
  custom:container-demuxer-ogg: 62fdf1f143b41e24485cea50d1cbac27 -> 
  custom:video-decoder-webm-vp8: 9c59270c3fd7afecdb556c50c9e8de78 -> 
  custom:audio-decoder-ogg-vorbis: bf7c407c2cedff20999df2af8eb42d56 -> 
========================================================================
Received Import Request.
  Time since last request: 5498.227650 seconds.
  path: Assets/Prefabs/Icons/disarmIcon.prefab
  artifactKey: Guid(dc4eb609c5b4f9e4681f9fa55fa27615) Importer(815301076,1909f56bfc062723c751e8b465ee728b)
Start importing Assets/Prefabs/Icons/disarmIcon.prefab using Guid(dc4eb609c5b4f9e4681f9fa55fa27615) Importer(815301076,1909f56bfc062723c751e8b465ee728b)  -> (artifact id: '5f329198df823a82804d089db376dc40') in 0.090305 seconds 
========================================================================
Received Import Request.
  Time since last request: 66.947119 seconds.
  path: Assets/Prefabs/Icons/regularPunchIcon 1.prefab
  artifactKey: Guid(e414ddbe886d0d14dad4556a33085b7a) Importer(815301076,1909f56bfc062723c751e8b465ee728b)
Start importing Assets/Prefabs/Icons/regularPunchIcon 1.prefab using Guid(e414ddbe886d0d14dad4556a33085b7a) Importer(815301076,1909f56bfc062723c751e8b465ee728b)  -> (artifact id: '8c9e10a7ae10a7668556e7ebf698c0cd') in 0.024066 seconds 
========================================================================
Received Import Request.
  Time since last request: 10.941009 seconds.
  path: Assets/Prefabs/Icons/strongPunchIcon.prefab
  artifactKey: Guid(e414ddbe886d0d14dad4556a33085b7a) Importer(815301076,1909f56bfc062723c751e8b465ee728b)
Start importing Assets/Prefabs/Icons/strongPunchIcon.prefab using Guid(e414ddbe886d0d14dad4556a33085b7a) Importer(815301076,1909f56bfc062723c751e8b465ee728b)  -> (artifact id: 'f30d699d08be3cdf886e4e6189403065') in 0.014367 seconds 
========================================================================
Received Import Request.
  Time since last request: 2.034110 seconds.
  path: Assets/Sprites/AbilitiyIcons/ArmorDestructionIcon.png
  artifactKey: Guid(271466c1468c0284ebe9f406080c250f) Importer(815301076,1909f56bfc062723c751e8b465ee728b)
Start importing Assets/Sprites/AbilitiyIcons/ArmorDestructionIcon.png using Guid(271466c1468c0284ebe9f406080c250f) Importer(815301076,1909f56bfc062723c751e8b465ee728b)  -> (artifact id: '4e27d2a932df0a295a0469eee3590d57') in 0.067206 seconds 
========================================================================
Received Import Request.
  Time since last request: 0.000047 seconds.
  path: Assets/Sprites/AbilitiyIcons/BloodSuckingIcon.png
  artifactKey: Guid(4cc36db82dfefcb44879e7cffc98601f) Importer(815301076,1909f56bfc062723c751e8b465ee728b)
Start importing Assets/Sprites/AbilitiyIcons/BloodSuckingIcon.png using Guid(4cc36db82dfefcb44879e7cffc98601f) Importer(815301076,1909f56bfc062723c751e8b465ee728b)  -> (artifact id: '36471c4d0a267f5d211d014347fbb39f') in 0.019249 seconds 
========================================================================
Received Import Request.
  Time since last request: 0.000035 seconds.
  path: Assets/Sprites/AbilitiyIcons/PowerfulPunchIcon.png
  artifactKey: Guid(36e75c5af3ac9134eb4e0d4ba56f57b2) Importer(815301076,1909f56bfc062723c751e8b465ee728b)
Start importing Assets/Sprites/AbilitiyIcons/PowerfulPunchIcon.png using Guid(36e75c5af3ac9134eb4e0d4ba56f57b2) Importer(815301076,1909f56bfc062723c751e8b465ee728b)  -> (artifact id: '12fc14afa4d6a43200e85d6acbcc927a') in 0.022842 seconds 
========================================================================
Received Import Request.
  Time since last request: 10.234324 seconds.
  path: Assets/Sprites/AbilitiyIcons/StrongPunchIcon.png
  artifactKey: Guid(36e75c5af3ac9134eb4e0d4ba56f57b2) Importer(815301076,1909f56bfc062723c751e8b465ee728b)
Start importing Assets/Sprites/AbilitiyIcons/StrongPunchIcon.png using Guid(36e75c5af3ac9134eb4e0d4ba56f57b2) Importer(815301076,1909f56bfc062723c751e8b465ee728b)  -> (artifact id: '3610d95b6d8104d2d6f2d2d17c0ff350') in 0.015285 seconds 
========================================================================
Received Import Request.
  Time since last request: 8.946616 seconds.
  path: Assets/Sprites/AbilitiyIcons/ArmorUpIcon.png
  artifactKey: Guid(60c76dcc99301fe4db0ceea9d27ee07f) Importer(815301076,1909f56bfc062723c751e8b465ee728b)
Start importing Assets/Sprites/AbilitiyIcons/ArmorUpIcon.png using Guid(60c76dcc99301fe4db0ceea9d27ee07f) Importer(815301076,1909f56bfc062723c751e8b465ee728b)  -> (artifact id: 'ec16014daf30d676301f39efec9785f3') in 0.011978 seconds 
========================================================================
Received Import Request.
  Time since last request: 0.000222 seconds.
  path: Assets/Sprites/AbilitiyIcons/ArmorDestructionIcon.png
  artifactKey: Guid(271466c1468c0284ebe9f406080c250f) Importer(815301076,1909f56bfc062723c751e8b465ee728b)
Start importing Assets/Sprites/AbilitiyIcons/ArmorDestructionIcon.png using Guid(271466c1468c0284ebe9f406080c250f) Importer(815301076,1909f56bfc062723c751e8b465ee728b)  -> (artifact id: '2746a2460e2e2f5590ec736a5fc34acb') in 0.015602 seconds 
========================================================================
Received Import Request.
  Time since last request: 18.932354 seconds.
  path: Assets/Prefabs/Icons/strongPunchIcon.prefab
  artifactKey: Guid(e414ddbe886d0d14dad4556a33085b7a) Importer(815301076,1909f56bfc062723c751e8b465ee728b)
Start importing Assets/Prefabs/Icons/strongPunchIcon.prefab using Guid(e414ddbe886d0d14dad4556a33085b7a) Importer(815301076,1909f56bfc062723c751e8b465ee728b)  -> (artifact id: '80d79dbd3293cbd949fa8157740c6271') in 0.011577 seconds 
========================================================================
Received Import Request.
  Time since last request: 21.752133 seconds.
  path: Assets/Prefabs/Icons/strongPunchIcon.prefab
  artifactKey: Guid(e414ddbe886d0d14dad4556a33085b7a) Importer(815301076,1909f56bfc062723c751e8b465ee728b)
Start importing Assets/Prefabs/Icons/strongPunchIcon.prefab using Guid(e414ddbe886d0d14dad4556a33085b7a) Importer(815301076,1909f56bfc062723c751e8b465ee728b)  -> (artifact id: '2964ae7bd0c6c963b898df5b51936ecf') in 0.010678 seconds 
========================================================================
Received Import Request.
  Time since last request: 6.136605 seconds.
  path: Assets/Prefabs/Icons/strongPunchIcon.prefab
  artifactKey: Guid(e414ddbe886d0d14dad4556a33085b7a) Importer(815301076,1909f56bfc062723c751e8b465ee728b)
Start importing Assets/Prefabs/Icons/strongPunchIcon.prefab using Guid(e414ddbe886d0d14dad4556a33085b7a) Importer(815301076,1909f56bfc062723c751e8b465ee728b)  -> (artifact id: 'f284ba467483cd20216ba796be690618') in 0.011074 seconds 
========================================================================
Received Import Request.
  Time since last request: 25.426057 seconds.
  path: Assets/Prefabs/Icons/strongPunchIcon.prefab
  artifactKey: Guid(e414ddbe886d0d14dad4556a33085b7a) Importer(815301076,1909f56bfc062723c751e8b465ee728b)
Start importing Assets/Prefabs/Icons/strongPunchIcon.prefab using Guid(e414ddbe886d0d14dad4556a33085b7a) Importer(815301076,1909f56bfc062723c751e8b465ee728b)  -> (artifact id: 'b0a04f35c0196ba515c8f271ba9b749d') in 0.010900 seconds 
========================================================================
Received Import Request.
  Time since last request: 3.294946 seconds.
  path: Assets/Prefabs/Icons/strongPunchIcon.prefab
  artifactKey: Guid(e414ddbe886d0d14dad4556a33085b7a) Importer(815301076,1909f56bfc062723c751e8b465ee728b)
Start importing Assets/Prefabs/Icons/strongPunchIcon.prefab using Guid(e414ddbe886d0d14dad4556a33085b7a) Importer(815301076,1909f56bfc062723c751e8b465ee728b)  -> (artifact id: '871b12df30de2765d8c7d54d2af69195') in 0.012384 seconds 
========================================================================
Received Import Request.
  Time since last request: 21.599247 seconds.
  path: Assets/Prefabs/Icons/strongPunchIcon.prefab
  artifactKey: Guid(e414ddbe886d0d14dad4556a33085b7a) Importer(815301076,1909f56bfc062723c751e8b465ee728b)
Start importing Assets/Prefabs/Icons/strongPunchIcon.prefab using Guid(e414ddbe886d0d14dad4556a33085b7a) Importer(815301076,1909f56bfc062723c751e8b465ee728b)  -> (artifact id: 'ff3c5f1d4cd9c4f3a708c7d44e659fb3') in 0.012266 seconds 
========================================================================
Received Import Request.
  Time since last request: 8.553914 seconds.
  path: Assets/Prefabs/Icons/strongPunchIcon.prefab
  artifactKey: Guid(e414ddbe886d0d14dad4556a33085b7a) Importer(815301076,1909f56bfc062723c751e8b465ee728b)
Start importing Assets/Prefabs/Icons/strongPunchIcon.prefab using Guid(e414ddbe886d0d14dad4556a33085b7a) Importer(815301076,1909f56bfc062723c751e8b465ee728b)  -> (artifact id: '7f3dcc77b331b4bd8dee54e89d8aa9c8') in 0.012298 seconds 
========================================================================
Received Import Request.
  Time since last request: 25.860970 seconds.
  path: Assets/Prefabs/Icons/strongPunchIcon.prefab
  artifactKey: Guid(e414ddbe886d0d14dad4556a33085b7a) Importer(815301076,1909f56bfc062723c751e8b465ee728b)
Start importing Assets/Prefabs/Icons/strongPunchIcon.prefab using Guid(e414ddbe886d0d14dad4556a33085b7a) Importer(815301076,1909f56bfc062723c751e8b465ee728b)  -> (artifact id: '96646386394f985de650d11472c9ca70') in 0.010682 seconds 
========================================================================
Received Import Request.
  Time since last request: 9.025892 seconds.
  path: Assets/Prefabs/Icons/strongPunchIcon.prefab
  artifactKey: Guid(e414ddbe886d0d14dad4556a33085b7a) Importer(815301076,1909f56bfc062723c751e8b465ee728b)
Start importing Assets/Prefabs/Icons/strongPunchIcon.prefab using Guid(e414ddbe886d0d14dad4556a33085b7a) Importer(815301076,1909f56bfc062723c751e8b465ee728b)  -> (artifact id: '82722d0dd2ae1718aba4dc6efc52b0a8') in 0.010773 seconds 
========================================================================
Received Import Request.
  Time since last request: 1.576691 seconds.
  path: Assets/Prefabs/Icons/strongPunchIcon.prefab
  artifactKey: Guid(e414ddbe886d0d14dad4556a33085b7a) Importer(815301076,1909f56bfc062723c751e8b465ee728b)
Start importing Assets/Prefabs/Icons/strongPunchIcon.prefab using Guid(e414ddbe886d0d14dad4556a33085b7a) Importer(815301076,1909f56bfc062723c751e8b465ee728b)  -> (artifact id: '26f9e3e46e5eb6f0c1082f0a5a5cea2a') in 0.012401 seconds 
========================================================================
Received Import Request.
  Time since last request: 20.146065 seconds.
  path: Assets/Prefabs/Items/regularPunchItem 1.prefab
  artifactKey: Guid(d40b531359fed8b4f8f5a96f5ab79ae0) Importer(815301076,1909f56bfc062723c751e8b465ee728b)
Start importing Assets/Prefabs/Items/regularPunchItem 1.prefab using Guid(d40b531359fed8b4f8f5a96f5ab79ae0) Importer(815301076,1909f56bfc062723c751e8b465ee728b)  -> (artifact id: 'c55af5e37fd386a73580fca7e9b85f7e') in 0.013885 seconds 
========================================================================
Received Import Request.
  Time since last request: 8.406720 seconds.
  path: Assets/Prefabs/Items/strongPunchItem.prefab
  artifactKey: Guid(d40b531359fed8b4f8f5a96f5ab79ae0) Importer(815301076,1909f56bfc062723c751e8b465ee728b)
Start importing Assets/Prefabs/Items/strongPunchItem.prefab using Guid(d40b531359fed8b4f8f5a96f5ab79ae0) Importer(815301076,1909f56bfc062723c751e8b465ee728b)  -> (artifact id: '1cc6ffa91281e881ceaeb5c4189ae454') in 0.017499 seconds 
========================================================================
Received Import Request.
  Time since last request: 7.778249 seconds.
  path: Assets/Prefabs/Items/strongPunchItem.prefab
  artifactKey: Guid(d40b531359fed8b4f8f5a96f5ab79ae0) Importer(815301076,1909f56bfc062723c751e8b465ee728b)
Start importing Assets/Prefabs/Items/strongPunchItem.prefab using Guid(d40b531359fed8b4f8f5a96f5ab79ae0) Importer(815301076,1909f56bfc062723c751e8b465ee728b)  -> (artifact id: 'e7f9650ebb54b16a5ccb30ba7ddce0dc') in 0.012977 seconds 
========================================================================
Received Import Request.
  Time since last request: 3.848954 seconds.
  path: Assets/Prefabs/Icons/strongPunchIcon.prefab
  artifactKey: Guid(e414ddbe886d0d14dad4556a33085b7a) Importer(815301076,1909f56bfc062723c751e8b465ee728b)
Start importing Assets/Prefabs/Icons/strongPunchIcon.prefab using Guid(e414ddbe886d0d14dad4556a33085b7a) Importer(815301076,1909f56bfc062723c751e8b465ee728b)  -> (artifact id: 'f47f97aac7e3d41600657d1910b0ddd1') in 0.010535 seconds 
========================================================================
Received Import Request.
  Time since last request: 15.054297 seconds.
  path: Assets/Prefabs/Items/strongPunchItem.prefab
  artifactKey: Guid(d40b531359fed8b4f8f5a96f5ab79ae0) Importer(815301076,1909f56bfc062723c751e8b465ee728b)
Start importing Assets/Prefabs/Items/strongPunchItem.prefab using Guid(d40b531359fed8b4f8f5a96f5ab79ae0) Importer(815301076,1909f56bfc062723c751e8b465ee728b)  -> (artifact id: '7336bfd386198fb1f20be571321977f8') in 0.013051 seconds 
========================================================================
Received Import Request.
  Time since last request: 12.798774 seconds.
  path: Assets/Prefabs/Items/regularBlockItem 1.prefab
  artifactKey: Guid(ad79889ef7ba8e347a14ac2ad4c58c18) Importer(815301076,1909f56bfc062723c751e8b465ee728b)
Start importing Assets/Prefabs/Items/regularBlockItem 1.prefab using Guid(ad79889ef7ba8e347a14ac2ad4c58c18) Importer(815301076,1909f56bfc062723c751e8b465ee728b)  -> (artifact id: '908a6cdfd2f4743547f381bf18885e4e') in 0.021816 seconds 
========================================================================
Received Import Request.
  Time since last request: 10.950685 seconds.
  path: Assets/Prefabs/Items/ArmorUpItem.prefab
  artifactKey: Guid(ad79889ef7ba8e347a14ac2ad4c58c18) Importer(815301076,1909f56bfc062723c751e8b465ee728b)
Start importing Assets/Prefabs/Items/ArmorUpItem.prefab using Guid(ad79889ef7ba8e347a14ac2ad4c58c18) Importer(815301076,1909f56bfc062723c751e8b465ee728b)  -> (artifact id: '516046beb15c896300b61cda94f6b2c3') in 0.015732 seconds 
========================================================================
Received Import Request.
  Time since last request: 12.045637 seconds.
  path: Assets/Prefabs/Items/strongPunchItem.prefab
  artifactKey: Guid(d40b531359fed8b4f8f5a96f5ab79ae0) Importer(815301076,1909f56bfc062723c751e8b465ee728b)
Start importing Assets/Prefabs/Items/strongPunchItem.prefab using Guid(d40b531359fed8b4f8f5a96f5ab79ae0) Importer(815301076,1909f56bfc062723c751e8b465ee728b)  -> (artifact id: '2a2c594dae46263978736ed7df712db5') in 0.010870 seconds 
========================================================================
Received Import Request.
  Time since last request: 9.053663 seconds.
  path: Assets/Prefabs/Items/ArmorUpItem.prefab
  artifactKey: Guid(ad79889ef7ba8e347a14ac2ad4c58c18) Importer(815301076,1909f56bfc062723c751e8b465ee728b)
Start importing Assets/Prefabs/Items/ArmorUpItem.prefab using Guid(ad79889ef7ba8e347a14ac2ad4c58c18) Importer(815301076,1909f56bfc062723c751e8b465ee728b)  -> (artifact id: 'd3d441a8781489430e91a5e55a469806') in 0.011563 seconds 
========================================================================
Received Import Request.
  Time since last request: 11.144222 seconds.
  path: Assets/Prefabs/Items/ArmorUpItem.prefab
  artifactKey: Guid(ad79889ef7ba8e347a14ac2ad4c58c18) Importer(815301076,1909f56bfc062723c751e8b465ee728b)
Start importing Assets/Prefabs/Items/ArmorUpItem.prefab using Guid(ad79889ef7ba8e347a14ac2ad4c58c18) Importer(815301076,1909f56bfc062723c751e8b465ee728b)  -> (artifact id: '618c430591e5f56b9ba3ecb835b3401d') in 0.011023 seconds 
========================================================================
Received Import Request.
  Time since last request: 3.154377 seconds.
  path: Assets/Prefabs/Icons/regularBlockIcon 1.prefab
  artifactKey: Guid(84aa117d21cedd64295d6fb1cd830057) Importer(815301076,1909f56bfc062723c751e8b465ee728b)
Start importing Assets/Prefabs/Icons/regularBlockIcon 1.prefab using Guid(84aa117d21cedd64295d6fb1cd830057) Importer(815301076,1909f56bfc062723c751e8b465ee728b)  -> (artifact id: '1322272c6e7fcef854899e0ec30db24a') in 0.014043 seconds 
========================================================================
Received Import Request.
  Time since last request: 10.871354 seconds.
  path: Assets/Prefabs/Icons/armorUpIcon.prefab
  artifactKey: Guid(84aa117d21cedd64295d6fb1cd830057) Importer(815301076,1909f56bfc062723c751e8b465ee728b)
Start importing Assets/Prefabs/Icons/armorUpIcon.prefab using Guid(84aa117d21cedd64295d6fb1cd830057) Importer(815301076,1909f56bfc062723c751e8b465ee728b)  -> (artifact id: '571c4c038f240907015e4b8226d3fac5') in 0.015049 seconds 
========================================================================
Received Import Request.
  Time since last request: 5.270051 seconds.
  path: Assets/Prefabs/Icons/armorUpIcon.prefab
  artifactKey: Guid(84aa117d21cedd64295d6fb1cd830057) Importer(815301076,1909f56bfc062723c751e8b465ee728b)
Start importing Assets/Prefabs/Icons/armorUpIcon.prefab using Guid(84aa117d21cedd64295d6fb1cd830057) Importer(815301076,1909f56bfc062723c751e8b465ee728b)  -> (artifact id: 'dd5867e7b52dc8aec4318492921817ba') in 0.012366 seconds 
========================================================================
Received Import Request.
  Time since last request: 3.702956 seconds.
  path: Assets/Prefabs/Icons/armorUpIcon.prefab
  artifactKey: Guid(84aa117d21cedd64295d6fb1cd830057) Importer(815301076,1909f56bfc062723c751e8b465ee728b)
Start importing Assets/Prefabs/Icons/armorUpIcon.prefab using Guid(84aa117d21cedd64295d6fb1cd830057) Importer(815301076,1909f56bfc062723c751e8b465ee728b)  -> (artifact id: 'bd5e419f0e93289f60bd08dad7eb3883') in 0.012524 seconds 
========================================================================
Received Import Request.
  Time since last request: 4.924384 seconds.
  path: Assets/Prefabs/Items/ArmorUpItem.prefab
  artifactKey: Guid(ad79889ef7ba8e347a14ac2ad4c58c18) Importer(815301076,1909f56bfc062723c751e8b465ee728b)
Start importing Assets/Prefabs/Items/ArmorUpItem.prefab using Guid(ad79889ef7ba8e347a14ac2ad4c58c18) Importer(815301076,1909f56bfc062723c751e8b465ee728b)  -> (artifact id: 'fea5d0045f0d3767096f9525fddca9f2') in 0.010380 seconds 
========================================================================
Received Import Request.
  Time since last request: 19.915553 seconds.
  path: Assets/Prefabs/Icons/armorUpIcon.prefab
  artifactKey: Guid(84aa117d21cedd64295d6fb1cd830057) Importer(815301076,1909f56bfc062723c751e8b465ee728b)
Start importing Assets/Prefabs/Icons/armorUpIcon.prefab using Guid(84aa117d21cedd64295d6fb1cd830057) Importer(815301076,1909f56bfc062723c751e8b465ee728b)  -> (artifact id: 'aee39f670696f5e01981f483f1882ecf') in 0.011189 seconds 
========================================================================
Received Import Request.
  Time since last request: 6.711466 seconds.
  path: Assets/Prefabs/Icons/armorUpIcon.prefab
  artifactKey: Guid(84aa117d21cedd64295d6fb1cd830057) Importer(815301076,1909f56bfc062723c751e8b465ee728b)
Start importing Assets/Prefabs/Icons/armorUpIcon.prefab using Guid(84aa117d21cedd64295d6fb1cd830057) Importer(815301076,1909f56bfc062723c751e8b465ee728b)  -> (artifact id: '606a2429f3921ece0cccc61c49f7389a') in 0.011333 seconds 
========================================================================
Received Import Request.
  Time since last request: 8.940931 seconds.
  path: Assets/Prefabs/Icons/armorUpIcon.prefab
  artifactKey: Guid(84aa117d21cedd64295d6fb1cd830057) Importer(815301076,1909f56bfc062723c751e8b465ee728b)
Start importing Assets/Prefabs/Icons/armorUpIcon.prefab using Guid(84aa117d21cedd64295d6fb1cd830057) Importer(815301076,1909f56bfc062723c751e8b465ee728b)  -> (artifact id: 'bdce0badaf7230ef1255acd28553d74f') in 0.010786 seconds 
========================================================================
Received Import Request.
  Time since last request: 17.028531 seconds.
  path: Assets/Prefabs/Icons/armorUpIcon.prefab
  artifactKey: Guid(84aa117d21cedd64295d6fb1cd830057) Importer(815301076,1909f56bfc062723c751e8b465ee728b)
Start importing Assets/Prefabs/Icons/armorUpIcon.prefab using Guid(84aa117d21cedd64295d6fb1cd830057) Importer(815301076,1909f56bfc062723c751e8b465ee728b)  -> (artifact id: '2e0853f8a9b72ba21039ecf99212ffc5') in 0.010380 seconds 
========================================================================
Received Import Request.
  Time since last request: 13.423525 seconds.
  path: Assets/Prefabs/Icons/armorUpIcon.prefab
  artifactKey: Guid(84aa117d21cedd64295d6fb1cd830057) Importer(815301076,1909f56bfc062723c751e8b465ee728b)
Start importing Assets/Prefabs/Icons/armorUpIcon.prefab using Guid(84aa117d21cedd64295d6fb1cd830057) Importer(815301076,1909f56bfc062723c751e8b465ee728b)  -> (artifact id: 'cb314dd1ae33f9842301e6d30c82ede3') in 0.010731 seconds 
========================================================================
Received Import Request.
  Time since last request: 8.072563 seconds.
  path: Assets/Prefabs/Icons/armorUpIcon.prefab
  artifactKey: Guid(84aa117d21cedd64295d6fb1cd830057) Importer(815301076,1909f56bfc062723c751e8b465ee728b)
Start importing Assets/Prefabs/Icons/armorUpIcon.prefab using Guid(84aa117d21cedd64295d6fb1cd830057) Importer(815301076,1909f56bfc062723c751e8b465ee728b)  -> (artifact id: '329225c928906bce28c475795068f041') in 0.011235 seconds 
========================================================================
Received Import Request.
  Time since last request: 2.354837 seconds.
  path: Assets/Prefabs/Icons/regularBlockIcon.prefab
  artifactKey: Guid(9db3d5454b9b4cb48870b7771c7204c2) Importer(815301076,1909f56bfc062723c751e8b465ee728b)
Start importing Assets/Prefabs/Icons/regularBlockIcon.prefab using Guid(9db3d5454b9b4cb48870b7771c7204c2) Importer(815301076,1909f56bfc062723c751e8b465ee728b)  -> (artifact id: '435d322f0adf2dc1655659abb8c374ae') in 0.014142 seconds 
========================================================================
Received Import Request.
  Time since last request: 8.180957 seconds.
  path: Assets/Prefabs/Icons/regularPunchIcon.prefab
  artifactKey: Guid(48ad40d06d84c17488cd407e15bc6b6d) Importer(815301076,1909f56bfc062723c751e8b465ee728b)
Start importing Assets/Prefabs/Icons/regularPunchIcon.prefab using Guid(48ad40d06d84c17488cd407e15bc6b6d) Importer(815301076,1909f56bfc062723c751e8b465ee728b)  -> (artifact id: '2dd4d50f32d7cfa5c2ed909186169812') in 0.014243 seconds 
========================================================================
Received Import Request.
  Time since last request: 26.335742 seconds.
  path: Assets/Prefabs/Icons/armorUpIcon.prefab
  artifactKey: Guid(84aa117d21cedd64295d6fb1cd830057) Importer(815301076,1909f56bfc062723c751e8b465ee728b)
Start importing Assets/Prefabs/Icons/armorUpIcon.prefab using Guid(84aa117d21cedd64295d6fb1cd830057) Importer(815301076,1909f56bfc062723c751e8b465ee728b)  -> (artifact id: 'cabfb5212c15f7b97b52b02d3b66fcc4') in 0.010825 seconds 
========================================================================
Received Import Request.
  Time since last request: 23.764359 seconds.
  path: Assets/Prefabs/Items/armorUpItem.prefab
  artifactKey: Guid(ad79889ef7ba8e347a14ac2ad4c58c18) Importer(815301076,1909f56bfc062723c751e8b465ee728b)
Start importing Assets/Prefabs/Items/armorUpItem.prefab using Guid(ad79889ef7ba8e347a14ac2ad4c58c18) Importer(815301076,1909f56bfc062723c751e8b465ee728b)  -> (artifact id: '67b84b214b626bcd332f10553e1c664b') in 0.013556 seconds 
========================================================================
Received Import Request.
  Time since last request: 134.250937 seconds.
  path: Assets/Prefabs/Items/regularPunchItem 1.prefab
  artifactKey: Guid(c4dbd55e5306d1949864bca7fc990191) Importer(815301076,1909f56bfc062723c751e8b465ee728b)
Start importing Assets/Prefabs/Items/regularPunchItem 1.prefab using Guid(c4dbd55e5306d1949864bca7fc990191) Importer(815301076,1909f56bfc062723c751e8b465ee728b)  -> (artifact id: '49949f71dccb68e802e5bc2598dc54f1') in 0.011097 seconds 
========================================================================
Received Import Request.
  Time since last request: 24.456604 seconds.
  path: Assets/Prefabs/Items/armorDestructionItem.prefab
  artifactKey: Guid(c4dbd55e5306d1949864bca7fc990191) Importer(815301076,1909f56bfc062723c751e8b465ee728b)
Start importing Assets/Prefabs/Items/armorDestructionItem.prefab using Guid(c4dbd55e5306d1949864bca7fc990191) Importer(815301076,1909f56bfc062723c751e8b465ee728b)  -> (artifact id: 'ff0e394a1b3391a6c6ef484ea4de47c3') in 0.015005 seconds 
========================================================================
Received Import Request.
  Time since last request: 11.645533 seconds.
  path: Assets/Prefabs/Items/armorDestructionItem.prefab
  artifactKey: Guid(c4dbd55e5306d1949864bca7fc990191) Importer(815301076,1909f56bfc062723c751e8b465ee728b)
Start importing Assets/Prefabs/Items/armorDestructionItem.prefab using Guid(c4dbd55e5306d1949864bca7fc990191) Importer(815301076,1909f56bfc062723c751e8b465ee728b)  -> (artifact id: '0b58c02a2eb1a70c77f42cdfc1939e1c') in 0.011176 seconds 
========================================================================
Received Import Request.
  Time since last request: 10.535082 seconds.
  path: Assets/Prefabs/Items/armorDestructionItem.prefab
  artifactKey: Guid(c4dbd55e5306d1949864bca7fc990191) Importer(815301076,1909f56bfc062723c751e8b465ee728b)
Start importing Assets/Prefabs/Items/armorDestructionItem.prefab using Guid(c4dbd55e5306d1949864bca7fc990191) Importer(815301076,1909f56bfc062723c751e8b465ee728b)  -> (artifact id: '93317d98498c37e2b9b336626192428b') in 0.012109 seconds 
========================================================================
Received Import Request.
  Time since last request: 5.483120 seconds.
  path: Assets/Prefabs/Icons/regularPunchIcon 1.prefab
  artifactKey: Guid(2a8ac7d8bc7b6914e8ff179685c836b2) Importer(815301076,1909f56bfc062723c751e8b465ee728b)
Start importing Assets/Prefabs/Icons/regularPunchIcon 1.prefab using Guid(2a8ac7d8bc7b6914e8ff179685c836b2) Importer(815301076,1909f56bfc062723c751e8b465ee728b)  -> (artifact id: '9c9a2e12f467e319ea29d7c860e6d095') in 0.014188 seconds 
========================================================================
Received Import Request.
  Time since last request: 12.814450 seconds.
  path: Assets/Prefabs/Icons/armorDestructionIcon.prefab
  artifactKey: Guid(2a8ac7d8bc7b6914e8ff179685c836b2) Importer(815301076,1909f56bfc062723c751e8b465ee728b)
Start importing Assets/Prefabs/Icons/armorDestructionIcon.prefab using Guid(2a8ac7d8bc7b6914e8ff179685c836b2) Importer(815301076,1909f56bfc062723c751e8b465ee728b)  -> (artifact id: 'bef2497dda4d18da055b1d07d211ed39') in 0.013814 seconds 
========================================================================
Received Import Request.
  Time since last request: 10.442451 seconds.
  path: Assets/Prefabs/Icons/armorDestructionIcon.prefab
  artifactKey: Guid(2a8ac7d8bc7b6914e8ff179685c836b2) Importer(815301076,1909f56bfc062723c751e8b465ee728b)
Start importing Assets/Prefabs/Icons/armorDestructionIcon.prefab using Guid(2a8ac7d8bc7b6914e8ff179685c836b2) Importer(815301076,1909f56bfc062723c751e8b465ee728b)  -> (artifact id: '3a0f029966926f3b3f168aba53edcb0b') in 0.011767 seconds 
========================================================================
Received Import Request.
  Time since last request: 2.897541 seconds.
  path: Assets/Prefabs/Icons/armorDestructionIcon.prefab
  artifactKey: Guid(2a8ac7d8bc7b6914e8ff179685c836b2) Importer(815301076,1909f56bfc062723c751e8b465ee728b)
Start importing Assets/Prefabs/Icons/armorDestructionIcon.prefab using Guid(2a8ac7d8bc7b6914e8ff179685c836b2) Importer(815301076,1909f56bfc062723c751e8b465ee728b)  -> (artifact id: '3d1b6b1242ad07a62052f6cd237a8829') in 0.012880 seconds 
========================================================================
Received Import Request.
  Time since last request: 68.258167 seconds.
  path: Assets/Prefabs/Icons/armorDestructionIcon.prefab
  artifactKey: Guid(2a8ac7d8bc7b6914e8ff179685c836b2) Importer(815301076,1909f56bfc062723c751e8b465ee728b)
Start importing Assets/Prefabs/Icons/armorDestructionIcon.prefab using Guid(2a8ac7d8bc7b6914e8ff179685c836b2) Importer(815301076,1909f56bfc062723c751e8b465ee728b)  -> (artifact id: 'feb41a452d2d6966f71a72f0e3fc7959') in 0.011495 seconds 
========================================================================
Received Import Request.
  Time since last request: 17.532366 seconds.
  path: Assets/Prefabs/Icons/armorDestructionIcon.prefab
  artifactKey: Guid(2a8ac7d8bc7b6914e8ff179685c836b2) Importer(815301076,1909f56bfc062723c751e8b465ee728b)
Start importing Assets/Prefabs/Icons/armorDestructionIcon.prefab using Guid(2a8ac7d8bc7b6914e8ff179685c836b2) Importer(815301076,1909f56bfc062723c751e8b465ee728b)  -> (artifact id: 'a0f4b1c2af90fee099c3a72d316ba3c9') in 0.011866 seconds 
========================================================================
Received Import Request.
  Time since last request: 28.715097 seconds.
  path: Assets/Prefabs/Icons/armorDestructionIcon.prefab
  artifactKey: Guid(2a8ac7d8bc7b6914e8ff179685c836b2) Importer(815301076,1909f56bfc062723c751e8b465ee728b)
Start importing Assets/Prefabs/Icons/armorDestructionIcon.prefab using Guid(2a8ac7d8bc7b6914e8ff179685c836b2) Importer(815301076,1909f56bfc062723c751e8b465ee728b)  -> (artifact id: '320f52e70274d7e65ee0f6ff1ecf6cc1') in 0.011289 seconds 
========================================================================
Received Import Request.
  Time since last request: 21.545869 seconds.
  path: Assets/Prefabs/Items/armorDestructionItem.prefab
  artifactKey: Guid(c4dbd55e5306d1949864bca7fc990191) Importer(815301076,1909f56bfc062723c751e8b465ee728b)
Start importing Assets/Prefabs/Items/armorDestructionItem.prefab using Guid(c4dbd55e5306d1949864bca7fc990191) Importer(815301076,1909f56bfc062723c751e8b465ee728b)  -> (artifact id: '966cdc60debbcfcad1f47d853a41987e') in 0.010287 seconds 
