Using pre-set license
Built from '2021.3/staging' branch; Version is '2021.3.10f1 (1c7d0df0160b) revision 1867021'; Using compiler version '192829333'; Build Type 'Release'
OS: 'Windows 11  (10.0.22621) 64bit Professional' Language: 'ru' Physical Memory: 32649 MB
BatchMode: 1, IsHumanControllingUs: 0, StartBugReporterOnCrash: 0, Is64bit: 1, IsPro: 1

COMMAND LINE ARGUMENTS:
C:\Program Files\Unity\Hub\Editor\2021.3.10f1\Editor\Unity.exe
-adb2
-batchMode
-noUpm
-name
AssetImportWorker8
-projectPath
C:/Users/kuzmi/Desktop/Диплом/LineRPG
-logFile
Logs/AssetImportWorker8.log
-srvPort
63336
Successfully changed project path to: C:/Users/kuzmi/Desktop/Диплом/LineRPG
C:/Users/kuzmi/Desktop/Диплом/LineRPG
[UnityMemory] Configuration Parameters - Can be set up in boot.config
    "memorysetup-bucket-allocator-granularity=16"
    "memorysetup-bucket-allocator-bucket-count=8"
    "memorysetup-bucket-allocator-block-size=33554432"
    "memorysetup-bucket-allocator-block-count=8"
    "memorysetup-main-allocator-block-size=16777216"
    "memorysetup-thread-allocator-block-size=16777216"
    "memorysetup-gfx-main-allocator-block-size=16777216"
    "memorysetup-gfx-thread-allocator-block-size=16777216"
    "memorysetup-cache-allocator-block-size=4194304"
    "memorysetup-typetree-allocator-block-size=2097152"
    "memorysetup-profiler-bucket-allocator-granularity=16"
    "memorysetup-profiler-bucket-allocator-bucket-count=8"
    "memorysetup-profiler-bucket-allocator-block-size=33554432"
    "memorysetup-profiler-bucket-allocator-block-count=8"
    "memorysetup-profiler-allocator-block-size=16777216"
    "memorysetup-profiler-editor-allocator-block-size=1048576"
    "memorysetup-temp-allocator-size-main=16777216"
    "memorysetup-job-temp-allocator-block-size=2097152"
    "memorysetup-job-temp-allocator-block-size-background=1048576"
    "memorysetup-job-temp-allocator-reduction-small-platforms=262144"
    "memorysetup-temp-allocator-size-background-worker=32768"
    "memorysetup-temp-allocator-size-job-worker=262144"
    "memorysetup-temp-allocator-size-preload-manager=33554432"
    "memorysetup-temp-allocator-size-nav-mesh-worker=65536"
    "memorysetup-temp-allocator-size-audio-worker=65536"
    "memorysetup-temp-allocator-size-cloud-worker=32768"
    "memorysetup-temp-allocator-size-gi-baking-worker=262144"
    "memorysetup-temp-allocator-size-gfx=262144"
Refreshing native plugins compatible for Editor in 120.03 ms, found 4 plugins.
Preloading 0 native plugins for Editor in 0.00 ms.
Initialize engine version: 2021.3.10f1 (1c7d0df0160b)
[Subsystems] Discovering subsystems at path C:/Program Files/Unity/Hub/Editor/2021.3.10f1/Editor/Data/Resources/UnitySubsystems
[Subsystems] Discovering subsystems at path C:/Users/kuzmi/Desktop/Диплом/LineRPG/Assets
GfxDevice: creating device client; threaded=0; jobified=0
Direct3D:
    Version:  Direct3D 11.0 [level 11.1]
    Renderer: NVIDIA GeForce RTX 3060 (ID=0x2503)
    Vendor:   NVIDIA
    VRAM:     12129 MB
    Driver:   31.0.15.2756
Initialize mono
Mono path[0] = 'C:/Program Files/Unity/Hub/Editor/2021.3.10f1/Editor/Data/Managed'
Mono path[1] = 'C:/Program Files/Unity/Hub/Editor/2021.3.10f1/Editor/Data/MonoBleedingEdge/lib/mono/unityjit-win32'
Mono config path = 'C:/Program Files/Unity/Hub/Editor/2021.3.10f1/Editor/Data/MonoBleedingEdge/etc'
Using monoOptions --debugger-agent=transport=dt_socket,embedding=1,server=y,suspend=n,address=127.0.0.1:56488
Begin MonoManager ReloadAssembly
Registering precompiled unity dll's ...
Register platform support module: C:/Program Files/Unity/Hub/Editor/2021.3.10f1/Editor/Data/PlaybackEngines/WindowsStandaloneSupport/UnityEditor.WindowsStandalone.Extensions.dll
Registered in 0.003284 seconds.
Native extension for WindowsStandalone target not found
Refreshing native plugins compatible for Editor in 121.48 ms, found 4 plugins.
Preloading 0 native plugins for Editor in 0.00 ms.
Mono: successfully reloaded assembly
- Completed reload, in  0.565 seconds
Domain Reload Profiling:
	ReloadAssembly (566ms)
		BeginReloadAssembly (57ms)
			ExecutionOrderSort (0ms)
			DisableScriptedObjects (0ms)
			BackupInstance (0ms)
			ReleaseScriptingObjects (0ms)
			CreateAndSetChildDomain (1ms)
		EndReloadAssembly (423ms)
			LoadAssemblies (56ms)
			RebuildTransferFunctionScriptingTraits (0ms)
			SetupTypeCache (80ms)
			ReleaseScriptCaches (0ms)
			RebuildScriptCaches (23ms)
			SetupLoadedEditorAssemblies (279ms)
				LogAssemblyErrors (0ms)
				InitializePlatformSupportModulesInManaged (6ms)
				SetLoadedEditorAssemblies (0ms)
				RefreshPlugins (122ms)
				BeforeProcessingInitializeOnLoad (1ms)
				ProcessInitializeOnLoadAttributes (114ms)
				ProcessInitializeOnLoadMethodAttributes (36ms)
				AfterProcessingInitializeOnLoad (0ms)
				EditorAssembliesLoaded (0ms)
			ExecutionOrderSort2 (0ms)
			AwakeInstancesAfterBackupRestoration (0ms)
Platform modules already initialized, skipping
Registering precompiled user dll's ...
Registered in 0.005062 seconds.
Begin MonoManager ReloadAssembly
Symbol file LoadedFromMemory doesn't match image C:\Users\kuzmi\Desktop\Диплом\LineRPG\Library\PackageCache\com.unity.visualscripting@1.7.8\Editor\VisualScripting.Core\Dependencies\YamlDotNet\Unity.VisualScripting.YamlDotNet.dll
Symbol file LoadedFromMemory doesn't match image C:\Users\kuzmi\Desktop\Диплом\LineRPG\Library\PackageCache\com.unity.visualscripting@1.7.8\Editor\VisualScripting.Core\Dependencies\DotNetZip\Unity.VisualScripting.IonicZip.dll
Native extension for WindowsStandalone target not found
Refreshing native plugins compatible for Editor in 122.47 ms, found 4 plugins.
Preloading 0 native plugins for Editor in 0.00 ms.
Mono: successfully reloaded assembly
- Completed reload, in  1.146 seconds
Domain Reload Profiling:
	ReloadAssembly (1147ms)
		BeginReloadAssembly (98ms)
			ExecutionOrderSort (0ms)
			DisableScriptedObjects (6ms)
			BackupInstance (0ms)
			ReleaseScriptingObjects (0ms)
			CreateAndSetChildDomain (17ms)
		EndReloadAssembly (954ms)
			LoadAssemblies (78ms)
			RebuildTransferFunctionScriptingTraits (0ms)
			SetupTypeCache (227ms)
			ReleaseScriptCaches (1ms)
			RebuildScriptCaches (56ms)
			SetupLoadedEditorAssemblies (559ms)
				LogAssemblyErrors (0ms)
				InitializePlatformSupportModulesInManaged (3ms)
				SetLoadedEditorAssemblies (0ms)
				RefreshPlugins (123ms)
				BeforeProcessingInitializeOnLoad (116ms)
				ProcessInitializeOnLoadAttributes (232ms)
				ProcessInitializeOnLoadMethodAttributes (81ms)
				AfterProcessingInitializeOnLoad (4ms)
				EditorAssembliesLoaded (0ms)
			ExecutionOrderSort2 (0ms)
			AwakeInstancesAfterBackupRestoration (4ms)
Platform modules already initialized, skipping
========================================================================
Worker process is ready to serve import requests
Launched and connected shader compiler UnityShaderCompiler.exe after 0.04 seconds
Refreshing native plugins compatible for Editor in 1.12 ms, found 4 plugins.
Preloading 0 native plugins for Editor in 0.00 ms.
Unloading 5612 Unused Serialized files (Serialized files now loaded: 0)
Unloading 46 unused Assets / (0.8 MB). Loaded Objects now: 6080.
Memory consumption went from 231.8 MB to 231.0 MB.
Total: 3.940600 ms (FindLiveObjects: 0.545300 ms CreateObjectMapping: 0.158700 ms MarkObjects: 2.861300 ms  DeleteObjects: 0.373900 ms)

AssetImportParameters requested are different than current active one (requested -> active):
  custom:video-decoder-ogg-theora: a1e56fd34408186e4bbccfd4996cb3dc -> 
  custom:container-muxer-webm: aa71ff27fc2769a1b78a27578f13a17b -> 
  custom:container-demuxer-webm: 4f35f7cbe854078d1ac9338744f61a02 -> 
  custom:video-encoder-webm-vp8: eb34c28f22e8b96e1ab97ce403110664 -> 
  custom:audio-encoder-webm-vorbis: bf7c407c2cedff20999df2af8eb42d56 -> 
  custom:framework-win-MediaFoundation: 216162199b28c13a410421893ffa2e32 -> 
  custom:container-demuxer-ogg: 62fdf1f143b41e24485cea50d1cbac27 -> 
  custom:video-decoder-webm-vp8: 9c59270c3fd7afecdb556c50c9e8de78 -> 
  custom:audio-decoder-ogg-vorbis: bf7c407c2cedff20999df2af8eb42d56 -> 
========================================================================
Received Import Request.
  Time since last request: 30152.085429 seconds.
  path: Assets/Prefabs/Characters/MiddleDemon.prefab
  artifactKey: Guid(689f1e10039bf054ea63a161b6a4e3c6) Importer(815301076,1909f56bfc062723c751e8b465ee728b)
Start importing Assets/Prefabs/Characters/MiddleDemon.prefab using Guid(689f1e10039bf054ea63a161b6a4e3c6) Importer(815301076,1909f56bfc062723c751e8b465ee728b)  -> (artifact id: 'c9faa8890dff1a7f33045a940adb4312') in 0.262136 seconds 
========================================================================
Received Import Request.
  Time since last request: 2.720106 seconds.
  path: Assets/Prefabs/Characters/MiddleDemon.prefab
  artifactKey: Guid(689f1e10039bf054ea63a161b6a4e3c6) Importer(815301076,1909f56bfc062723c751e8b465ee728b)
Start importing Assets/Prefabs/Characters/MiddleDemon.prefab using Guid(689f1e10039bf054ea63a161b6a4e3c6) Importer(815301076,1909f56bfc062723c751e8b465ee728b)  -> (artifact id: '4dc7fbcb522ce22fc53535a53e7d68bb') in 0.026458 seconds 
========================================================================
Received Import Request.
  Time since last request: 3.204153 seconds.
  path: Assets/Prefabs/Characters/MiddleDemon.prefab
  artifactKey: Guid(689f1e10039bf054ea63a161b6a4e3c6) Importer(815301076,1909f56bfc062723c751e8b465ee728b)
Start importing Assets/Prefabs/Characters/MiddleDemon.prefab using Guid(689f1e10039bf054ea63a161b6a4e3c6) Importer(815301076,1909f56bfc062723c751e8b465ee728b)  -> (artifact id: '24d9489f8b04062eab4e0d92969777af') in 0.033116 seconds 
========================================================================
Received Import Request.
  Time since last request: 3.786333 seconds.
  path: Assets/Prefabs/Characters/MiddleDemon.prefab
  artifactKey: Guid(689f1e10039bf054ea63a161b6a4e3c6) Importer(815301076,1909f56bfc062723c751e8b465ee728b)
Start importing Assets/Prefabs/Characters/MiddleDemon.prefab using Guid(689f1e10039bf054ea63a161b6a4e3c6) Importer(815301076,1909f56bfc062723c751e8b465ee728b)  -> (artifact id: '9f92c3455fd023cf4fc3852d914761ca') in 0.026563 seconds 
========================================================================
Received Import Request.
  Time since last request: 2.980583 seconds.
  path: Assets/Prefabs/Characters/MiddleDemon.prefab
  artifactKey: Guid(689f1e10039bf054ea63a161b6a4e3c6) Importer(815301076,1909f56bfc062723c751e8b465ee728b)
Start importing Assets/Prefabs/Characters/MiddleDemon.prefab using Guid(689f1e10039bf054ea63a161b6a4e3c6) Importer(815301076,1909f56bfc062723c751e8b465ee728b)  -> (artifact id: '28f050b4af183b80d3a8cb9649e76827') in 0.027206 seconds 
========================================================================
Received Import Request.
  Time since last request: 14.481111 seconds.
  path: Assets/Prefabs/Characters/MiddleDemon.prefab
  artifactKey: Guid(689f1e10039bf054ea63a161b6a4e3c6) Importer(815301076,1909f56bfc062723c751e8b465ee728b)
Start importing Assets/Prefabs/Characters/MiddleDemon.prefab using Guid(689f1e10039bf054ea63a161b6a4e3c6) Importer(815301076,1909f56bfc062723c751e8b465ee728b)  -> (artifact id: 'cd4491e02fa64b6f445df3d5b345b15a') in 0.046408 seconds 
========================================================================
Received Import Request.
  Time since last request: 3.772438 seconds.
  path: Assets/Prefabs/Characters/MiddleDemon.prefab
  artifactKey: Guid(689f1e10039bf054ea63a161b6a4e3c6) Importer(815301076,1909f56bfc062723c751e8b465ee728b)
Start importing Assets/Prefabs/Characters/MiddleDemon.prefab using Guid(689f1e10039bf054ea63a161b6a4e3c6) Importer(815301076,1909f56bfc062723c751e8b465ee728b)  -> (artifact id: 'b9cdd951a1300157a6362f2a0219ac5d') in 0.024769 seconds 
========================================================================
Received Import Request.
  Time since last request: 6.011410 seconds.
  path: Assets/Prefabs/Characters/MiddleDemon.prefab
  artifactKey: Guid(689f1e10039bf054ea63a161b6a4e3c6) Importer(815301076,1909f56bfc062723c751e8b465ee728b)
Start importing Assets/Prefabs/Characters/MiddleDemon.prefab using Guid(689f1e10039bf054ea63a161b6a4e3c6) Importer(815301076,1909f56bfc062723c751e8b465ee728b)  -> (artifact id: '5991995639865988782670e88bfdf7a5') in 0.032359 seconds 
========================================================================
Received Import Request.
  Time since last request: 6.877230 seconds.
  path: Assets/Prefabs/Characters/MiddleDemon.prefab
  artifactKey: Guid(689f1e10039bf054ea63a161b6a4e3c6) Importer(815301076,1909f56bfc062723c751e8b465ee728b)
Start importing Assets/Prefabs/Characters/MiddleDemon.prefab using Guid(689f1e10039bf054ea63a161b6a4e3c6) Importer(815301076,1909f56bfc062723c751e8b465ee728b)  -> (artifact id: '8c5f6d820e124619aeeb724693e74fee') in 0.028555 seconds 
========================================================================
Received Import Request.
  Time since last request: 4.399784 seconds.
  path: Assets/Prefabs/Characters/MiddleDemon.prefab
  artifactKey: Guid(689f1e10039bf054ea63a161b6a4e3c6) Importer(815301076,1909f56bfc062723c751e8b465ee728b)
Start importing Assets/Prefabs/Characters/MiddleDemon.prefab using Guid(689f1e10039bf054ea63a161b6a4e3c6) Importer(815301076,1909f56bfc062723c751e8b465ee728b)  -> (artifact id: 'c0215fbdc24a3ea120785f548df89530') in 0.070634 seconds 
========================================================================
Received Import Request.
  Time since last request: 10.213713 seconds.
  path: Assets/Prefabs/Characters/MiddleDemon.prefab
  artifactKey: Guid(689f1e10039bf054ea63a161b6a4e3c6) Importer(815301076,1909f56bfc062723c751e8b465ee728b)
Start importing Assets/Prefabs/Characters/MiddleDemon.prefab using Guid(689f1e10039bf054ea63a161b6a4e3c6) Importer(815301076,1909f56bfc062723c751e8b465ee728b)  -> (artifact id: '4ff9d5ce470b31035ffc6c9f892053d2') in 0.028133 seconds 
========================================================================
Received Import Request.
  Time since last request: 2.576197 seconds.
  path: Assets/Prefabs/Characters/MiddleDemon.prefab
  artifactKey: Guid(689f1e10039bf054ea63a161b6a4e3c6) Importer(815301076,1909f56bfc062723c751e8b465ee728b)
Start importing Assets/Prefabs/Characters/MiddleDemon.prefab using Guid(689f1e10039bf054ea63a161b6a4e3c6) Importer(815301076,1909f56bfc062723c751e8b465ee728b)  -> (artifact id: '63041796f883bc82be6be0d3d657629a') in 0.039714 seconds 
========================================================================
Received Import Request.
  Time since last request: 10.036032 seconds.
  path: Assets/Prefabs/Characters/MiddleDemon.prefab
  artifactKey: Guid(689f1e10039bf054ea63a161b6a4e3c6) Importer(815301076,1909f56bfc062723c751e8b465ee728b)
Start importing Assets/Prefabs/Characters/MiddleDemon.prefab using Guid(689f1e10039bf054ea63a161b6a4e3c6) Importer(815301076,1909f56bfc062723c751e8b465ee728b)  -> (artifact id: '10d56138e95ead7765904cfad078a857') in 0.025439 seconds 
========================================================================
Received Import Request.
  Time since last request: 6.614509 seconds.
  path: Assets/Prefabs/Characters/MiddleDemon.prefab
  artifactKey: Guid(689f1e10039bf054ea63a161b6a4e3c6) Importer(815301076,1909f56bfc062723c751e8b465ee728b)
Start importing Assets/Prefabs/Characters/MiddleDemon.prefab using Guid(689f1e10039bf054ea63a161b6a4e3c6) Importer(815301076,1909f56bfc062723c751e8b465ee728b)  -> (artifact id: '56693769f279060ddef7ad1a00278a20') in 0.026268 seconds 
========================================================================
Received Import Request.
  Time since last request: 3.992564 seconds.
  path: Assets/Prefabs/Characters/MiddleDemon.prefab
  artifactKey: Guid(689f1e10039bf054ea63a161b6a4e3c6) Importer(815301076,1909f56bfc062723c751e8b465ee728b)
Start importing Assets/Prefabs/Characters/MiddleDemon.prefab using Guid(689f1e10039bf054ea63a161b6a4e3c6) Importer(815301076,1909f56bfc062723c751e8b465ee728b)  -> (artifact id: '98d911f221ba307be763379989bcd5b2') in 0.026506 seconds 
========================================================================
Received Import Request.
  Time since last request: 3.601185 seconds.
  path: Assets/Prefabs/Characters/MiddleDemon.prefab
  artifactKey: Guid(689f1e10039bf054ea63a161b6a4e3c6) Importer(815301076,1909f56bfc062723c751e8b465ee728b)
Start importing Assets/Prefabs/Characters/MiddleDemon.prefab using Guid(689f1e10039bf054ea63a161b6a4e3c6) Importer(815301076,1909f56bfc062723c751e8b465ee728b)  -> (artifact id: 'b8487c53a91be6c17c57a5543723853f') in 0.025852 seconds 
========================================================================
Received Import Request.
  Time since last request: 8.228502 seconds.
  path: Assets/Prefabs/Characters/MiddleDemon.prefab
  artifactKey: Guid(689f1e10039bf054ea63a161b6a4e3c6) Importer(815301076,1909f56bfc062723c751e8b465ee728b)
Start importing Assets/Prefabs/Characters/MiddleDemon.prefab using Guid(689f1e10039bf054ea63a161b6a4e3c6) Importer(815301076,1909f56bfc062723c751e8b465ee728b)  -> (artifact id: 'f244e953f86bbd6b992bc7aa044d2fe0') in 0.029994 seconds 
========================================================================
Received Import Request.
  Time since last request: 9.835485 seconds.
  path: Assets/Prefabs/Characters/MiddleDemon.prefab
  artifactKey: Guid(689f1e10039bf054ea63a161b6a4e3c6) Importer(815301076,1909f56bfc062723c751e8b465ee728b)
Start importing Assets/Prefabs/Characters/MiddleDemon.prefab using Guid(689f1e10039bf054ea63a161b6a4e3c6) Importer(815301076,1909f56bfc062723c751e8b465ee728b)  -> (artifact id: 'de7637ae64c43ac8c3ba096bb7f2b959') in 0.028969 seconds 
========================================================================
Received Import Request.
  Time since last request: 7.016505 seconds.
  path: Assets/Prefabs/Characters/MiddleDemon.prefab
  artifactKey: Guid(689f1e10039bf054ea63a161b6a4e3c6) Importer(815301076,1909f56bfc062723c751e8b465ee728b)
Start importing Assets/Prefabs/Characters/MiddleDemon.prefab using Guid(689f1e10039bf054ea63a161b6a4e3c6) Importer(815301076,1909f56bfc062723c751e8b465ee728b)  -> (artifact id: '1af04f2d5ecb3130a24a277d01b80591') in 0.027094 seconds 
========================================================================
Received Import Request.
  Time since last request: 11.451195 seconds.
  path: Assets/Prefabs/Characters/MiddleDemon.prefab
  artifactKey: Guid(689f1e10039bf054ea63a161b6a4e3c6) Importer(815301076,1909f56bfc062723c751e8b465ee728b)
Start importing Assets/Prefabs/Characters/MiddleDemon.prefab using Guid(689f1e10039bf054ea63a161b6a4e3c6) Importer(815301076,1909f56bfc062723c751e8b465ee728b)  -> (artifact id: '782d7289fbf6dce9d55c227ea7f49674') in 0.033097 seconds 
========================================================================
Received Import Request.
  Time since last request: 26.389670 seconds.
  path: Assets/Prefabs/Characters/MiddleDemon.prefab
  artifactKey: Guid(689f1e10039bf054ea63a161b6a4e3c6) Importer(815301076,1909f56bfc062723c751e8b465ee728b)
Start importing Assets/Prefabs/Characters/MiddleDemon.prefab using Guid(689f1e10039bf054ea63a161b6a4e3c6) Importer(815301076,1909f56bfc062723c751e8b465ee728b)  -> (artifact id: 'cae07dbf6ccf4c15ef51d6d8a70ac0b1') in 0.026783 seconds 
========================================================================
Received Import Request.
  Time since last request: 6.617162 seconds.
  path: Assets/Prefabs/Characters/MiddleDemon.prefab
  artifactKey: Guid(689f1e10039bf054ea63a161b6a4e3c6) Importer(815301076,1909f56bfc062723c751e8b465ee728b)
Start importing Assets/Prefabs/Characters/MiddleDemon.prefab using Guid(689f1e10039bf054ea63a161b6a4e3c6) Importer(815301076,1909f56bfc062723c751e8b465ee728b)  -> (artifact id: '7848a9ca3d98a87b7330c030e5e498f2') in 0.030920 seconds 
========================================================================
Received Import Request.
  Time since last request: 93.153484 seconds.
  path: Assets/Prefabs/Characters/Bloodhound.prefab
  artifactKey: Guid(c02742f5554d7c74d8cbbe7cfb73f0f9) Importer(815301076,1909f56bfc062723c751e8b465ee728b)
Start importing Assets/Prefabs/Characters/Bloodhound.prefab using Guid(c02742f5554d7c74d8cbbe7cfb73f0f9) Importer(815301076,1909f56bfc062723c751e8b465ee728b)  -> (artifact id: 'e6657ad2b55092588fccaca7c47ddbeb') in 0.030698 seconds 
========================================================================
Received Import Request.
  Time since last request: 0.000042 seconds.
  path: Assets/Prefabs/Characters/InferiorDemon.prefab
  artifactKey: Guid(00e2f1c05606b0a4c8f0e21ae75b8eca) Importer(815301076,1909f56bfc062723c751e8b465ee728b)
Start importing Assets/Prefabs/Characters/InferiorDemon.prefab using Guid(00e2f1c05606b0a4c8f0e21ae75b8eca) Importer(815301076,1909f56bfc062723c751e8b465ee728b)  -> (artifact id: '546b7cd1519d5c90c1be7bd81a186e3c') in 0.029680 seconds 
========================================================================
Received Import Request.
  Time since last request: 0.000035 seconds.
  path: Assets/Prefabs/Characters/PettyDemon.prefab
  artifactKey: Guid(7e8acec4e74c77b44b37e6d9ce45a567) Importer(815301076,1909f56bfc062723c751e8b465ee728b)
Start importing Assets/Prefabs/Characters/PettyDemon.prefab using Guid(7e8acec4e74c77b44b37e6d9ce45a567) Importer(815301076,1909f56bfc062723c751e8b465ee728b)  -> (artifact id: '5d47f27bea7cd449ccd5d4e1383c0e84') in 0.029559 seconds 
========================================================================
Received Import Request.
  Time since last request: 9.875709 seconds.
  path: Assets/Prefabs/Characters/MiddleDemon.prefab
  artifactKey: Guid(689f1e10039bf054ea63a161b6a4e3c6) Importer(815301076,1909f56bfc062723c751e8b465ee728b)
Start importing Assets/Prefabs/Characters/MiddleDemon.prefab using Guid(689f1e10039bf054ea63a161b6a4e3c6) Importer(815301076,1909f56bfc062723c751e8b465ee728b)  -> (artifact id: 'e1eebe6477df88ab7b31bc7e6f933c95') in 0.031268 seconds 
========================================================================
Received Import Request.
  Time since last request: 8.233995 seconds.
  path: Assets/Prefabs/Characters/MiddleDemon.prefab
  artifactKey: Guid(689f1e10039bf054ea63a161b6a4e3c6) Importer(815301076,1909f56bfc062723c751e8b465ee728b)
Start importing Assets/Prefabs/Characters/MiddleDemon.prefab using Guid(689f1e10039bf054ea63a161b6a4e3c6) Importer(815301076,1909f56bfc062723c751e8b465ee728b)  -> (artifact id: '2780655348990ed79c0efefe6921b261') in 0.110827 seconds 
========================================================================
Received Import Request.
  Time since last request: 8.334595 seconds.
  path: Assets/Prefabs/Characters/MiddleDemon.prefab
  artifactKey: Guid(689f1e10039bf054ea63a161b6a4e3c6) Importer(815301076,1909f56bfc062723c751e8b465ee728b)
Start importing Assets/Prefabs/Characters/MiddleDemon.prefab using Guid(689f1e10039bf054ea63a161b6a4e3c6) Importer(815301076,1909f56bfc062723c751e8b465ee728b)  -> (artifact id: '802d1052d990b4db9ff7166b916d760c') in 0.032316 seconds 
========================================================================
Received Import Request.
  Time since last request: 6.399892 seconds.
  path: Assets/Prefabs/Characters/MiddleDemon.prefab
  artifactKey: Guid(689f1e10039bf054ea63a161b6a4e3c6) Importer(815301076,1909f56bfc062723c751e8b465ee728b)
Start importing Assets/Prefabs/Characters/MiddleDemon.prefab using Guid(689f1e10039bf054ea63a161b6a4e3c6) Importer(815301076,1909f56bfc062723c751e8b465ee728b)  -> (artifact id: '2be60be01c41b929a7c1d4817ed1170f') in 0.027019 seconds 
========================================================================
Received Import Request.
  Time since last request: 7.010972 seconds.
  path: Assets/Prefabs/Characters/MiddleDemon.prefab
  artifactKey: Guid(689f1e10039bf054ea63a161b6a4e3c6) Importer(815301076,1909f56bfc062723c751e8b465ee728b)
Start importing Assets/Prefabs/Characters/MiddleDemon.prefab using Guid(689f1e10039bf054ea63a161b6a4e3c6) Importer(815301076,1909f56bfc062723c751e8b465ee728b)  -> (artifact id: '8c3d9f1d52b5d6d376e433330cd50fa5') in 0.026514 seconds 
========================================================================
Received Import Request.
  Time since last request: 12.890832 seconds.
  path: Assets/Prefabs/Characters/MiddleDemon.prefab
  artifactKey: Guid(689f1e10039bf054ea63a161b6a4e3c6) Importer(815301076,1909f56bfc062723c751e8b465ee728b)
Start importing Assets/Prefabs/Characters/MiddleDemon.prefab using Guid(689f1e10039bf054ea63a161b6a4e3c6) Importer(815301076,1909f56bfc062723c751e8b465ee728b)  -> (artifact id: '81a113680ff141c913591a6f6eedc5c1') in 0.024869 seconds 
========================================================================
Received Import Request.
  Time since last request: 3.997600 seconds.
  path: Assets/Prefabs/Characters/MiddleDemon.prefab
  artifactKey: Guid(689f1e10039bf054ea63a161b6a4e3c6) Importer(815301076,1909f56bfc062723c751e8b465ee728b)
Start importing Assets/Prefabs/Characters/MiddleDemon.prefab using Guid(689f1e10039bf054ea63a161b6a4e3c6) Importer(815301076,1909f56bfc062723c751e8b465ee728b)  -> (artifact id: '83104c40c4627be110e83940e420db39') in 0.025156 seconds 
========================================================================
Received Import Request.
  Time since last request: 1.989069 seconds.
  path: Assets/Prefabs/Characters/MiddleDemon.prefab
  artifactKey: Guid(689f1e10039bf054ea63a161b6a4e3c6) Importer(815301076,1909f56bfc062723c751e8b465ee728b)
Start importing Assets/Prefabs/Characters/MiddleDemon.prefab using Guid(689f1e10039bf054ea63a161b6a4e3c6) Importer(815301076,1909f56bfc062723c751e8b465ee728b)  -> (artifact id: '929f8ccc820937b26f1f44ab571965e1') in 0.029446 seconds 
========================================================================
Received Import Request.
  Time since last request: 6.211045 seconds.
  path: Assets/Prefabs/Characters/MiddleDemon.prefab
  artifactKey: Guid(689f1e10039bf054ea63a161b6a4e3c6) Importer(815301076,1909f56bfc062723c751e8b465ee728b)
Start importing Assets/Prefabs/Characters/MiddleDemon.prefab using Guid(689f1e10039bf054ea63a161b6a4e3c6) Importer(815301076,1909f56bfc062723c751e8b465ee728b)  -> (artifact id: 'a205f1afad8b68b941c508e2ba567e75') in 0.026911 seconds 
========================================================================
Received Import Request.
  Time since last request: 12.485059 seconds.
  path: Assets/Sprites/UI/EnemyHealthBarBack.png
  artifactKey: Guid(d88b2dede80f9e849a0d5ebabe24817b) Importer(815301076,1909f56bfc062723c751e8b465ee728b)
Start importing Assets/Sprites/UI/EnemyHealthBarBack.png using Guid(d88b2dede80f9e849a0d5ebabe24817b) Importer(815301076,1909f56bfc062723c751e8b465ee728b)  -> (artifact id: 'b3e08aab6feb8f85bc5d0c1573ed95e4') in 0.028285 seconds 
========================================================================
Received Import Request.
  Time since last request: 707.933192 seconds.
  path: Assets/Sprites/AttackIcons/CryingIcon.png
  artifactKey: Guid(09eb7750bfcd05c4bb6846136fca865f) Importer(815301076,1909f56bfc062723c751e8b465ee728b)
Start importing Assets/Sprites/AttackIcons/CryingIcon.png using Guid(09eb7750bfcd05c4bb6846136fca865f) Importer(815301076,1909f56bfc062723c751e8b465ee728b)  -> (artifact id: '4754e0b0c9260c1db2633b21430c9fde') in 0.033107 seconds 
========================================================================
Received Import Request.
  Time since last request: 13.333898 seconds.
  path: Assets/Sprites/AttackIcons/ArmorUpIcon.png
  artifactKey: Guid(8935749e6c7b0264ba39f4e2cf6ec4ca) Importer(815301076,1909f56bfc062723c751e8b465ee728b)
Start importing Assets/Sprites/AttackIcons/ArmorUpIcon.png using Guid(8935749e6c7b0264ba39f4e2cf6ec4ca) Importer(815301076,1909f56bfc062723c751e8b465ee728b)  -> (artifact id: '7481088cf58c49cf477048a1f2330651') in 0.028801 seconds 
========================================================================
Received Import Request.
  Time since last request: 0.000038 seconds.
  path: Assets/Sprites/AttackIcons/FlockIcon.png
  artifactKey: Guid(654933bb6db03fd4aa9923918bedc7a3) Importer(815301076,1909f56bfc062723c751e8b465ee728b)
Start importing Assets/Sprites/AttackIcons/FlockIcon.png using Guid(654933bb6db03fd4aa9923918bedc7a3) Importer(815301076,1909f56bfc062723c751e8b465ee728b)  -> (artifact id: '725bf2c8541f7459a0426204fbb7b17f') in 0.058113 seconds 
========================================================================
Received Import Request.
  Time since last request: 0.000036 seconds.
  path: Assets/Sprites/AttackIcons/MinusManaIcon.png
  artifactKey: Guid(921287d99c6e5e9438d049ff7a2e79f9) Importer(815301076,1909f56bfc062723c751e8b465ee728b)
Start importing Assets/Sprites/AttackIcons/MinusManaIcon.png using Guid(921287d99c6e5e9438d049ff7a2e79f9) Importer(815301076,1909f56bfc062723c751e8b465ee728b)  -> (artifact id: 'faae331d8138aa5d9ba6ea19aa68f094') in 0.020031 seconds 
========================================================================
Received Import Request.
  Time since last request: 43.144148 seconds.
  path: Assets/Prefabs/Characters/Bloodhound.prefab
  artifactKey: Guid(c02742f5554d7c74d8cbbe7cfb73f0f9) Importer(815301076,1909f56bfc062723c751e8b465ee728b)
Start importing Assets/Prefabs/Characters/Bloodhound.prefab using Guid(c02742f5554d7c74d8cbbe7cfb73f0f9) Importer(815301076,1909f56bfc062723c751e8b465ee728b)  -> (artifact id: 'b7194ea39b132519e3e31672ea2f1312') in 0.026555 seconds 
========================================================================
Received Import Request.
  Time since last request: 0.000029 seconds.
  path: Assets/Prefabs/Characters/MiddleDemon.prefab
  artifactKey: Guid(689f1e10039bf054ea63a161b6a4e3c6) Importer(815301076,1909f56bfc062723c751e8b465ee728b)
Start importing Assets/Prefabs/Characters/MiddleDemon.prefab using Guid(689f1e10039bf054ea63a161b6a4e3c6) Importer(815301076,1909f56bfc062723c751e8b465ee728b)  -> (artifact id: '5fa5162afc7e53e464784b96ea733048') in 0.032415 seconds 
========================================================================
Received Import Request.
  Time since last request: 0.000034 seconds.
  path: Assets/Prefabs/Characters/PettyDemon.prefab
  artifactKey: Guid(7e8acec4e74c77b44b37e6d9ce45a567) Importer(815301076,1909f56bfc062723c751e8b465ee728b)
Start importing Assets/Prefabs/Characters/PettyDemon.prefab using Guid(7e8acec4e74c77b44b37e6d9ce45a567) Importer(815301076,1909f56bfc062723c751e8b465ee728b)  -> (artifact id: 'e00055bee4b417c4befe1a6a73d31e1c') in 0.026470 seconds 
========================================================================
Received Import Request.
  Time since last request: 7.143959 seconds.
  path: Assets/Prefabs/Characters/MiddleDemon.prefab
  artifactKey: Guid(689f1e10039bf054ea63a161b6a4e3c6) Importer(815301076,1909f56bfc062723c751e8b465ee728b)
Start importing Assets/Prefabs/Characters/MiddleDemon.prefab using Guid(689f1e10039bf054ea63a161b6a4e3c6) Importer(815301076,1909f56bfc062723c751e8b465ee728b)  -> (artifact id: '1047c15a8459b4ae5f6ee7dca82db84f') in 0.026719 seconds 
========================================================================
Received Import Request.
  Time since last request: 5.007472 seconds.
  path: Assets/Prefabs/Characters/Bloodhound.prefab
  artifactKey: Guid(c02742f5554d7c74d8cbbe7cfb73f0f9) Importer(815301076,1909f56bfc062723c751e8b465ee728b)
Start importing Assets/Prefabs/Characters/Bloodhound.prefab using Guid(c02742f5554d7c74d8cbbe7cfb73f0f9) Importer(815301076,1909f56bfc062723c751e8b465ee728b)  -> (artifact id: '7502b4e79b9dc5925c10d2c4218124fb') in 0.024358 seconds 
